{"/home/luiz/TP01_TestesSoftware/jest.config.ts": {"path":"/home/luiz/TP01_TestesSoftware/jest.config.ts","statementMap":{"0":{"start":{"line":2,"column":0},"end":{"line":2,"column":50}},"1":{"start":{"line":3,"column":0},"end":{"line":3,"column":50}},"2":{"start":{"line":5,"column":38},"end":{"line":17,"column":2}},"3":{"start":{"line":19,"column":0},"end":{"line":19,"column":22}}},"fnMap":{},"branchMap":{},"s":{"0":0,"1":0,"2":0,"3":0},"f":{},"b":{}}
,"/home/luiz/TP01_TestesSoftware/dist/jest.config.d.ts": {"path":"/home/luiz/TP01_TestesSoftware/dist/jest.config.d.ts","statementMap":{},"fnMap":{},"branchMap":{},"s":{},"f":{},"b":{}}
,"/home/luiz/TP01_TestesSoftware/dist/jest.config.js": {"path":"/home/luiz/TP01_TestesSoftware/dist/jest.config.js","statementMap":{"0":{"start":{"line":2,"column":0},"end":{"line":2,"column":62}},"1":{"start":{"line":3,"column":18},"end":{"line":3,"column":36}},"2":{"start":{"line":4,"column":24},"end":{"line":4,"column":50}},"3":{"start":{"line":5,"column":15},"end":{"line":17,"column":2}},"4":{"start":{"line":18,"column":0},"end":{"line":18,"column":25}}},"fnMap":{},"branchMap":{},"s":{"0":0,"1":0,"2":0,"3":0,"4":0},"f":{},"b":{}}
,"/home/luiz/TP01_TestesSoftware/dist/src/app.module.d.ts": {"path":"/home/luiz/TP01_TestesSoftware/dist/src/app.module.d.ts","statementMap":{},"fnMap":{},"branchMap":{},"s":{},"f":{},"b":{}}
,"/home/luiz/TP01_TestesSoftware/dist/src/app.module.js": {"path":"/home/luiz/TP01_TestesSoftware/dist/src/app.module.js","statementMap":{"0":{"start":{"line":2,"column":17},"end":{"line":7,"column":1}},"1":{"start":{"line":3,"column":12},"end":{"line":3,"column":28}},"2":{"start":{"line":3,"column":34},"end":{"line":3,"column":125}},"3":{"start":{"line":4,"column":4},"end":{"line":5,"column":150}},"4":{"start":{"line":4,"column":79},"end":{"line":4,"column":131}},"5":{"start":{"line":5,"column":9},"end":{"line":5,"column":150}},"6":{"start":{"line":5,"column":22},"end":{"line":5,"column":43}},"7":{"start":{"line":5,"column":58},"end":{"line":5,"column":150}},"8":{"start":{"line":5,"column":81},"end":{"line":5,"column":150}},"9":{"start":{"line":6,"column":4},"end":{"line":6,"column":66}},"10":{"start":{"line":8,"column":0},"end":{"line":8,"column":62}},"11":{"start":{"line":9,"column":0},"end":{"line":9,"column":27}},"12":{"start":{"line":10,"column":17},"end":{"line":10,"column":42}},"13":{"start":{"line":11,"column":22},"end":{"line":11,"column":57}},"14":{"start":{"line":12,"column":26},"end":{"line":12,"column":69}},"15":{"start":{"line":13,"column":16},"end":{"line":14,"column":2}},"16":{"start":{"line":15,"column":0},"end":{"line":19,"column":14}}},"fnMap":{"0":{"name":"(anonymous_0)","decl":{"start":{"line":2,"column":46},"end":{"line":2,"column":56}},"loc":{"start":{"line":2,"column":85},"end":{"line":7,"column":1}}}},"branchMap":{"0":{"loc":{"start":{"line":2,"column":17},"end":{"line":7,"column":1}},"type":"binary-expr","locations":[{"start":{"line":2,"column":18},"end":{"line":2,"column":22}},{"start":{"line":2,"column":26},"end":{"line":2,"column":41}},{"start":{"line":2,"column":46},"end":{"line":7,"column":1}}]},"1":{"loc":{"start":{"line":3,"column":34},"end":{"line":3,"column":125}},"type":"cond-expr","locations":[{"start":{"line":3,"column":42},"end":{"line":3,"column":48}},{"start":{"line":3,"column":51},"end":{"line":3,"column":125}}]},"2":{"loc":{"start":{"line":3,"column":51},"end":{"line":3,"column":125}},"type":"cond-expr","locations":[{"start":{"line":3,"column":67},"end":{"line":3,"column":118}},{"start":{"line":3,"column":121},"end":{"line":3,"column":125}}]},"3":{"loc":{"start":{"line":4,"column":4},"end":{"line":5,"column":150}},"type":"if","locations":[{"start":{"line":4,"column":4},"end":{"line":5,"column":150}},{"start":{"line":5,"column":9},"end":{"line":5,"column":150}}]},"4":{"loc":{"start":{"line":4,"column":8},"end":{"line":4,"column":77}},"type":"binary-expr","locations":[{"start":{"line":4,"column":8},"end":{"line":4,"column":35}},{"start":{"line":4,"column":39},"end":{"line":4,"column":77}}]},"5":{"loc":{"start":{"line":5,"column":58},"end":{"line":5,"column":150}},"type":"if","locations":[{"start":{"line":5,"column":58},"end":{"line":5,"column":150}}]},"6":{"loc":{"start":{"line":5,"column":85},"end":{"line":5,"column":149}},"type":"binary-expr","locations":[{"start":{"line":5,"column":86},"end":{"line":5,"column":143}},{"start":{"line":5,"column":148},"end":{"line":5,"column":149}}]},"7":{"loc":{"start":{"line":5,"column":86},"end":{"line":5,"column":143}},"type":"cond-expr","locations":[{"start":{"line":5,"column":94},"end":{"line":5,"column":98}},{"start":{"line":5,"column":101},"end":{"line":5,"column":143}}]},"8":{"loc":{"start":{"line":5,"column":101},"end":{"line":5,"column":143}},"type":"cond-expr","locations":[{"start":{"line":5,"column":109},"end":{"line":5,"column":126}},{"start":{"line":5,"column":129},"end":{"line":5,"column":143}}]},"9":{"loc":{"start":{"line":6,"column":11},"end":{"line":6,"column":62}},"type":"binary-expr","locations":[{"start":{"line":6,"column":11},"end":{"line":6,"column":16}},{"start":{"line":6,"column":20},"end":{"line":6,"column":21}},{"start":{"line":6,"column":25},"end":{"line":6,"column":62}}]}},"s":{"0":0,"1":0,"2":0,"3":0,"4":0,"5":0,"6":0,"7":0,"8":0,"9":0,"10":0,"11":0,"12":0,"13":0,"14":0,"15":0,"16":0},"f":{"0":0},"b":{"0":[0,0,0],"1":[0,0],"2":[0,0],"3":[0,0],"4":[0,0],"5":[0],"6":[0,0],"7":[0,0],"8":[0,0],"9":[0,0,0]}}
,"/home/luiz/TP01_TestesSoftware/dist/src/main.d.ts": {"path":"/home/luiz/TP01_TestesSoftware/dist/src/main.d.ts","statementMap":{},"fnMap":{},"branchMap":{},"s":{},"f":{},"b":{}}
,"/home/luiz/TP01_TestesSoftware/dist/src/main.js": {"path":"/home/luiz/TP01_TestesSoftware/dist/src/main.js","statementMap":{"0":{"start":{"line":2,"column":0},"end":{"line":2,"column":62}},"1":{"start":{"line":3,"column":18},"end":{"line":3,"column":44}},"2":{"start":{"line":4,"column":15},"end":{"line":4,"column":38}},"3":{"start":{"line":5,"column":21},"end":{"line":5,"column":44}},"4":{"start":{"line":6,"column":17},"end":{"line":6,"column":42}},"5":{"start":{"line":8,"column":16},"end":{"line":8,"column":71}},"6":{"start":{"line":9,"column":4},"end":{"line":9,"column":80}},"7":{"start":{"line":10,"column":19},"end":{"line":14,"column":16}},"8":{"start":{"line":15,"column":21},"end":{"line":15,"column":72}},"9":{"start":{"line":16,"column":4},"end":{"line":16,"column":56}},"10":{"start":{"line":17,"column":4},"end":{"line":17,"column":27}},"11":{"start":{"line":19,"column":0},"end":{"line":19,"column":12}}},"fnMap":{"0":{"name":"bootstrap","decl":{"start":{"line":7,"column":15},"end":{"line":7,"column":24}},"loc":{"start":{"line":7,"column":24},"end":{"line":18,"column":1}}}},"branchMap":{},"s":{"0":0,"1":0,"2":0,"3":0,"4":0,"5":0,"6":0,"7":0,"8":0,"9":0,"10":0,"11":0},"f":{"0":0},"b":{}}
,"/home/luiz/TP01_TestesSoftware/dist/src/core/entities/client.d.ts": {"path":"/home/luiz/TP01_TestesSoftware/dist/src/core/entities/client.d.ts","statementMap":{},"fnMap":{},"branchMap":{},"s":{},"f":{},"b":{}}
,"/home/luiz/TP01_TestesSoftware/dist/src/core/entities/client.js": {"path":"/home/luiz/TP01_TestesSoftware/dist/src/core/entities/client.js","statementMap":{"0":{"start":{"line":2,"column":0},"end":{"line":2,"column":62}},"1":{"start":{"line":3,"column":0},"end":{"line":3,"column":24}},"2":{"start":{"line":6,"column":8},"end":{"line":10,"column":10}},"3":{"start":{"line":11,"column":8},"end":{"line":11,"column":27}},"4":{"start":{"line":14,"column":8},"end":{"line":17,"column":null}},"5":{"start":{"line":15,"column":12},"end":{"line":15,"column":38}},"6":{"start":{"line":16,"column":12},"end":{"line":16,"column":19}},"7":{"start":{"line":18,"column":29},"end":{"line":18,"column":62}},"8":{"start":{"line":19,"column":20},"end":{"line":19,"column":52}},"9":{"start":{"line":20,"column":8},"end":{"line":20,"column":54}},"10":{"start":{"line":23,"column":18},"end":{"line":23,"column":19}},"11":{"start":{"line":24,"column":8},"end":{"line":26,"column":null}},"12":{"start":{"line":25,"column":12},"end":{"line":25,"column":26}},"13":{"start":{"line":27,"column":8},"end":{"line":27,"column":19}},"14":{"start":{"line":30,"column":8},"end":{"line":34,"column":11}},"15":{"start":{"line":31,"column":12},"end":{"line":33,"column":null}},"16":{"start":{"line":32,"column":16},"end":{"line":32,"column":62}},"17":{"start":{"line":37,"column":8},"end":{"line":37,"column":37}},"18":{"start":{"line":40,"column":8},"end":{"line":40,"column":34}},"19":{"start":{"line":43,"column":8},"end":{"line":43,"column":32}},"20":{"start":{"line":46,"column":8},"end":{"line":46,"column":36}},"21":{"start":{"line":49,"column":8},"end":{"line":49,"column":36}},"22":{"start":{"line":52,"column":8},"end":{"line":52,"column":41}},"23":{"start":{"line":55,"column":8},"end":{"line":55,"column":46}},"24":{"start":{"line":58,"column":8},"end":{"line":58,"column":38}},"25":{"start":{"line":61,"column":8},"end":{"line":61,"column":40}},"26":{"start":{"line":64,"column":8},"end":{"line":64,"column":46}},"27":{"start":{"line":67,"column":8},"end":{"line":67,"column":56}},"28":{"start":{"line":68,"column":8},"end":{"line":68,"column":27}},"29":{"start":{"line":71,"column":8},"end":{"line":71,"column":41}},"30":{"start":{"line":74,"column":8},"end":{"line":74,"column":46}},"31":{"start":{"line":77,"column":8},"end":{"line":77,"column":41}},"32":{"start":{"line":80,"column":8},"end":{"line":80,"column":46}},"33":{"start":{"line":83,"column":0},"end":{"line":83,"column":24}}},"fnMap":{"0":{"name":"(anonymous_0)","decl":{"start":{"line":5,"column":4},"end":{"line":5,"column":16}},"loc":{"start":{"line":5,"column":26},"end":{"line":12,"column":5}}},"1":{"name":"(anonymous_1)","decl":{"start":{"line":13,"column":4},"end":{"line":13,"column":15}},"loc":{"start":{"line":13,"column":15},"end":{"line":21,"column":5}}},"2":{"name":"(anonymous_2)","decl":{"start":{"line":22,"column":4},"end":{"line":22,"column":30}},"loc":{"start":{"line":22,"column":30},"end":{"line":28,"column":5}}},"3":{"name":"(anonymous_3)","decl":{"start":{"line":29,"column":4},"end":{"line":29,"column":24}},"loc":{"start":{"line":29,"column":31},"end":{"line":35,"column":5}}},"4":{"name":"(anonymous_4)","decl":{"start":{"line":30,"column":47},"end":{"line":30,"column":48}},"loc":{"start":{"line":30,"column":55},"end":{"line":34,"column":9}}},"5":{"name":"(anonymous_5)","decl":{"start":{"line":36,"column":4},"end":{"line":36,"column":12}},"loc":{"start":{"line":36,"column":12},"end":{"line":38,"column":5}}},"6":{"name":"(anonymous_6)","decl":{"start":{"line":39,"column":4},"end":{"line":39,"column":9}},"loc":{"start":{"line":39,"column":9},"end":{"line":41,"column":5}}},"7":{"name":"(anonymous_7)","decl":{"start":{"line":42,"column":4},"end":{"line":42,"column":9}},"loc":{"start":{"line":42,"column":12},"end":{"line":44,"column":5}}},"8":{"name":"(anonymous_8)","decl":{"start":{"line":45,"column":4},"end":{"line":45,"column":11}},"loc":{"start":{"line":45,"column":11},"end":{"line":47,"column":5}}},"9":{"name":"(anonymous_9)","decl":{"start":{"line":48,"column":4},"end":{"line":48,"column":11}},"loc":{"start":{"line":48,"column":16},"end":{"line":50,"column":5}}},"10":{"name":"(anonymous_10)","decl":{"start":{"line":51,"column":4},"end":{"line":51,"column":16}},"loc":{"start":{"line":51,"column":16},"end":{"line":53,"column":5}}},"11":{"name":"(anonymous_11)","decl":{"start":{"line":54,"column":4},"end":{"line":54,"column":16}},"loc":{"start":{"line":54,"column":26},"end":{"line":56,"column":5}}},"12":{"name":"(anonymous_12)","decl":{"start":{"line":57,"column":4},"end":{"line":57,"column":13}},"loc":{"start":{"line":57,"column":13},"end":{"line":59,"column":5}}},"13":{"name":"(anonymous_13)","decl":{"start":{"line":60,"column":4},"end":{"line":60,"column":13}},"loc":{"start":{"line":60,"column":20},"end":{"line":62,"column":5}}},"14":{"name":"(anonymous_14)","decl":{"start":{"line":63,"column":4},"end":{"line":63,"column":21}},"loc":{"start":{"line":63,"column":21},"end":{"line":65,"column":5}}},"15":{"name":"(anonymous_15)","decl":{"start":{"line":66,"column":4},"end":{"line":66,"column":21}},"loc":{"start":{"line":66,"column":36},"end":{"line":69,"column":5}}},"16":{"name":"(anonymous_16)","decl":{"start":{"line":70,"column":4},"end":{"line":70,"column":16}},"loc":{"start":{"line":70,"column":16},"end":{"line":72,"column":5}}},"17":{"name":"(anonymous_17)","decl":{"start":{"line":73,"column":4},"end":{"line":73,"column":16}},"loc":{"start":{"line":73,"column":26},"end":{"line":75,"column":5}}},"18":{"name":"(anonymous_18)","decl":{"start":{"line":76,"column":4},"end":{"line":76,"column":16}},"loc":{"start":{"line":76,"column":16},"end":{"line":78,"column":5}}},"19":{"name":"(anonymous_19)","decl":{"start":{"line":79,"column":4},"end":{"line":79,"column":16}},"loc":{"start":{"line":79,"column":26},"end":{"line":81,"column":5}}}},"branchMap":{"0":{"loc":{"start":{"line":8,"column":23},"end":{"line":8,"column":57}},"type":"binary-expr","locations":[{"start":{"line":8,"column":23},"end":{"line":8,"column":43}},{"start":{"line":8,"column":47},"end":{"line":8,"column":57}}]},"1":{"loc":{"start":{"line":9,"column":23},"end":{"line":9,"column":57}},"type":"binary-expr","locations":[{"start":{"line":9,"column":23},"end":{"line":9,"column":43}},{"start":{"line":9,"column":47},"end":{"line":9,"column":57}}]},"2":{"loc":{"start":{"line":14,"column":8},"end":{"line":17,"column":null}},"type":"if","locations":[{"start":{"line":14,"column":8},"end":{"line":17,"column":null}}]},"3":{"loc":{"start":{"line":31,"column":12},"end":{"line":33,"column":null}},"type":"if","locations":[{"start":{"line":31,"column":12},"end":{"line":33,"column":null}}]}},"s":{"0":0,"1":0,"2":0,"3":0,"4":0,"5":0,"6":0,"7":0,"8":0,"9":0,"10":0,"11":0,"12":0,"13":0,"14":0,"15":0,"16":0,"17":0,"18":0,"19":0,"20":0,"21":0,"22":0,"23":0,"24":0,"25":0,"26":0,"27":0,"28":0,"29":0,"30":0,"31":0,"32":0,"33":0},"f":{"0":0,"1":0,"2":0,"3":0,"4":0,"5":0,"6":0,"7":0,"8":0,"9":0,"10":0,"11":0,"12":0,"13":0,"14":0,"15":0,"16":0,"17":0,"18":0,"19":0},"b":{"0":[0,0],"1":[0,0],"2":[0],"3":[0]}}
,"/home/luiz/TP01_TestesSoftware/dist/src/core/entities/health-problem.d.ts": {"path":"/home/luiz/TP01_TestesSoftware/dist/src/core/entities/health-problem.d.ts","statementMap":{},"fnMap":{},"branchMap":{},"s":{},"f":{},"b":{}}
,"/home/luiz/TP01_TestesSoftware/dist/src/core/entities/health-problem.js": {"path":"/home/luiz/TP01_TestesSoftware/dist/src/core/entities/health-problem.js","statementMap":{"0":{"start":{"line":2,"column":0},"end":{"line":2,"column":62}}},"fnMap":{},"branchMap":{},"s":{"0":0},"f":{},"b":{}}
,"/home/luiz/TP01_TestesSoftware/dist/src/core/repositories/client-repository.d.ts": {"path":"/home/luiz/TP01_TestesSoftware/dist/src/core/repositories/client-repository.d.ts","statementMap":{},"fnMap":{},"branchMap":{},"s":{},"f":{},"b":{}}
,"/home/luiz/TP01_TestesSoftware/dist/src/core/repositories/client-repository.js": {"path":"/home/luiz/TP01_TestesSoftware/dist/src/core/repositories/client-repository.js","statementMap":{"0":{"start":{"line":2,"column":0},"end":{"line":2,"column":62}},"1":{"start":{"line":3,"column":0},"end":{"line":3,"column":34}},"2":{"start":{"line":6,"column":0},"end":{"line":6,"column":44}}},"fnMap":{},"branchMap":{},"s":{"0":0,"1":0,"2":0},"f":{},"b":{}}
,"/home/luiz/TP01_TestesSoftware/dist/src/core/use-cases/create-client.d.ts": {"path":"/home/luiz/TP01_TestesSoftware/dist/src/core/use-cases/create-client.d.ts","statementMap":{},"fnMap":{},"branchMap":{},"s":{},"f":{},"b":{}}
,"/home/luiz/TP01_TestesSoftware/dist/src/core/use-cases/create-client.js": {"path":"/home/luiz/TP01_TestesSoftware/dist/src/core/use-cases/create-client.js","statementMap":{"0":{"start":{"line":2,"column":17},"end":{"line":7,"column":1}},"1":{"start":{"line":3,"column":12},"end":{"line":3,"column":28}},"2":{"start":{"line":3,"column":34},"end":{"line":3,"column":125}},"3":{"start":{"line":4,"column":4},"end":{"line":5,"column":150}},"4":{"start":{"line":4,"column":79},"end":{"line":4,"column":131}},"5":{"start":{"line":5,"column":9},"end":{"line":5,"column":150}},"6":{"start":{"line":5,"column":22},"end":{"line":5,"column":43}},"7":{"start":{"line":5,"column":58},"end":{"line":5,"column":150}},"8":{"start":{"line":5,"column":81},"end":{"line":5,"column":150}},"9":{"start":{"line":6,"column":4},"end":{"line":6,"column":66}},"10":{"start":{"line":8,"column":17},"end":{"line":10,"column":1}},"11":{"start":{"line":9,"column":4},"end":{"line":9,"column":109}},"12":{"start":{"line":9,"column":79},"end":{"line":9,"column":109}},"13":{"start":{"line":11,"column":0},"end":{"line":11,"column":62}},"14":{"start":{"line":12,"column":0},"end":{"line":12,"column":30}},"15":{"start":{"line":13,"column":17},"end":{"line":13,"column":42}},"16":{"start":{"line":14,"column":28},"end":{"line":14,"column":72}},"17":{"start":{"line":15,"column":17},"end":{"line":15,"column":46}},"18":{"start":{"line":16,"column":19},"end":{"line":26,"column":2}},"19":{"start":{"line":18,"column":8},"end":{"line":18,"column":49}},"20":{"start":{"line":21,"column":78},"end":{"line":21,"column":85}},"21":{"start":{"line":22,"column":26},"end":{"line":22,"column":51}},"22":{"start":{"line":23,"column":23},"end":{"line":23,"column":87}},"23":{"start":{"line":24,"column":8},"end":{"line":24,"column":49}},"24":{"start":{"line":27,"column":0},"end":{"line":30,"column":17}}},"fnMap":{"0":{"name":"(anonymous_0)","decl":{"start":{"line":2,"column":46},"end":{"line":2,"column":56}},"loc":{"start":{"line":2,"column":85},"end":{"line":7,"column":1}}},"1":{"name":"(anonymous_1)","decl":{"start":{"line":8,"column":46},"end":{"line":8,"column":56}},"loc":{"start":{"line":8,"column":60},"end":{"line":10,"column":1}}},"2":{"name":"(anonymous_2)","decl":{"start":{"line":17,"column":4},"end":{"line":17,"column":16}},"loc":{"start":{"line":17,"column":32},"end":{"line":19,"column":5}}},"3":{"name":"(anonymous_3)","decl":{"start":{"line":20,"column":4},"end":{"line":20,"column":9}},"loc":{"start":{"line":20,"column":25},"end":{"line":25,"column":5}}}},"branchMap":{"0":{"loc":{"start":{"line":2,"column":17},"end":{"line":7,"column":1}},"type":"binary-expr","locations":[{"start":{"line":2,"column":18},"end":{"line":2,"column":22}},{"start":{"line":2,"column":26},"end":{"line":2,"column":41}},{"start":{"line":2,"column":46},"end":{"line":7,"column":1}}]},"1":{"loc":{"start":{"line":3,"column":34},"end":{"line":3,"column":125}},"type":"cond-expr","locations":[{"start":{"line":3,"column":42},"end":{"line":3,"column":48}},{"start":{"line":3,"column":51},"end":{"line":3,"column":125}}]},"2":{"loc":{"start":{"line":3,"column":51},"end":{"line":3,"column":125}},"type":"cond-expr","locations":[{"start":{"line":3,"column":67},"end":{"line":3,"column":118}},{"start":{"line":3,"column":121},"end":{"line":3,"column":125}}]},"3":{"loc":{"start":{"line":4,"column":4},"end":{"line":5,"column":150}},"type":"if","locations":[{"start":{"line":4,"column":4},"end":{"line":5,"column":150}},{"start":{"line":5,"column":9},"end":{"line":5,"column":150}}]},"4":{"loc":{"start":{"line":4,"column":8},"end":{"line":4,"column":77}},"type":"binary-expr","locations":[{"start":{"line":4,"column":8},"end":{"line":4,"column":35}},{"start":{"line":4,"column":39},"end":{"line":4,"column":77}}]},"5":{"loc":{"start":{"line":5,"column":58},"end":{"line":5,"column":150}},"type":"if","locations":[{"start":{"line":5,"column":58},"end":{"line":5,"column":150}}]},"6":{"loc":{"start":{"line":5,"column":85},"end":{"line":5,"column":149}},"type":"binary-expr","locations":[{"start":{"line":5,"column":86},"end":{"line":5,"column":143}},{"start":{"line":5,"column":148},"end":{"line":5,"column":149}}]},"7":{"loc":{"start":{"line":5,"column":86},"end":{"line":5,"column":143}},"type":"cond-expr","locations":[{"start":{"line":5,"column":94},"end":{"line":5,"column":98}},{"start":{"line":5,"column":101},"end":{"line":5,"column":143}}]},"8":{"loc":{"start":{"line":5,"column":101},"end":{"line":5,"column":143}},"type":"cond-expr","locations":[{"start":{"line":5,"column":109},"end":{"line":5,"column":126}},{"start":{"line":5,"column":129},"end":{"line":5,"column":143}}]},"9":{"loc":{"start":{"line":6,"column":11},"end":{"line":6,"column":62}},"type":"binary-expr","locations":[{"start":{"line":6,"column":11},"end":{"line":6,"column":16}},{"start":{"line":6,"column":20},"end":{"line":6,"column":21}},{"start":{"line":6,"column":25},"end":{"line":6,"column":62}}]},"10":{"loc":{"start":{"line":8,"column":17},"end":{"line":10,"column":1}},"type":"binary-expr","locations":[{"start":{"line":8,"column":18},"end":{"line":8,"column":22}},{"start":{"line":8,"column":26},"end":{"line":8,"column":41}},{"start":{"line":8,"column":46},"end":{"line":10,"column":1}}]},"11":{"loc":{"start":{"line":9,"column":4},"end":{"line":9,"column":109}},"type":"if","locations":[{"start":{"line":9,"column":4},"end":{"line":9,"column":109}}]},"12":{"loc":{"start":{"line":9,"column":8},"end":{"line":9,"column":77}},"type":"binary-expr","locations":[{"start":{"line":9,"column":8},"end":{"line":9,"column":35}},{"start":{"line":9,"column":39},"end":{"line":9,"column":77}}]}},"s":{"0":0,"1":0,"2":0,"3":0,"4":0,"5":0,"6":0,"7":0,"8":0,"9":0,"10":0,"11":0,"12":0,"13":0,"14":0,"15":0,"16":0,"17":0,"18":0,"19":0,"20":0,"21":0,"22":0,"23":0,"24":0},"f":{"0":0,"1":0,"2":0,"3":0},"b":{"0":[0,0,0],"1":[0,0],"2":[0,0],"3":[0,0],"4":[0,0],"5":[0],"6":[0,0],"7":[0,0],"8":[0,0],"9":[0,0,0],"10":[0,0,0],"11":[0],"12":[0,0]}}
,"/home/luiz/TP01_TestesSoftware/dist/src/core/use-cases/delete-client.d.ts": {"path":"/home/luiz/TP01_TestesSoftware/dist/src/core/use-cases/delete-client.d.ts","statementMap":{},"fnMap":{},"branchMap":{},"s":{},"f":{},"b":{}}
,"/home/luiz/TP01_TestesSoftware/dist/src/core/use-cases/delete-client.js": {"path":"/home/luiz/TP01_TestesSoftware/dist/src/core/use-cases/delete-client.js","statementMap":{"0":{"start":{"line":2,"column":17},"end":{"line":7,"column":1}},"1":{"start":{"line":3,"column":12},"end":{"line":3,"column":28}},"2":{"start":{"line":3,"column":34},"end":{"line":3,"column":125}},"3":{"start":{"line":4,"column":4},"end":{"line":5,"column":150}},"4":{"start":{"line":4,"column":79},"end":{"line":4,"column":131}},"5":{"start":{"line":5,"column":9},"end":{"line":5,"column":150}},"6":{"start":{"line":5,"column":22},"end":{"line":5,"column":43}},"7":{"start":{"line":5,"column":58},"end":{"line":5,"column":150}},"8":{"start":{"line":5,"column":81},"end":{"line":5,"column":150}},"9":{"start":{"line":6,"column":4},"end":{"line":6,"column":66}},"10":{"start":{"line":8,"column":17},"end":{"line":10,"column":1}},"11":{"start":{"line":9,"column":4},"end":{"line":9,"column":109}},"12":{"start":{"line":9,"column":79},"end":{"line":9,"column":109}},"13":{"start":{"line":11,"column":0},"end":{"line":11,"column":62}},"14":{"start":{"line":12,"column":0},"end":{"line":12,"column":30}},"15":{"start":{"line":13,"column":28},"end":{"line":13,"column":72}},"16":{"start":{"line":14,"column":17},"end":{"line":14,"column":42}},"17":{"start":{"line":15,"column":19},"end":{"line":22,"column":2}},"18":{"start":{"line":17,"column":8},"end":{"line":17,"column":49}},"19":{"start":{"line":20,"column":8},"end":{"line":20,"column":47}},"20":{"start":{"line":23,"column":0},"end":{"line":26,"column":17}}},"fnMap":{"0":{"name":"(anonymous_0)","decl":{"start":{"line":2,"column":46},"end":{"line":2,"column":56}},"loc":{"start":{"line":2,"column":85},"end":{"line":7,"column":1}}},"1":{"name":"(anonymous_1)","decl":{"start":{"line":8,"column":46},"end":{"line":8,"column":56}},"loc":{"start":{"line":8,"column":60},"end":{"line":10,"column":1}}},"2":{"name":"(anonymous_2)","decl":{"start":{"line":16,"column":4},"end":{"line":16,"column":16}},"loc":{"start":{"line":16,"column":32},"end":{"line":18,"column":5}}},"3":{"name":"(anonymous_3)","decl":{"start":{"line":19,"column":4},"end":{"line":19,"column":9}},"loc":{"start":{"line":19,"column":20},"end":{"line":21,"column":5}}}},"branchMap":{"0":{"loc":{"start":{"line":2,"column":17},"end":{"line":7,"column":1}},"type":"binary-expr","locations":[{"start":{"line":2,"column":18},"end":{"line":2,"column":22}},{"start":{"line":2,"column":26},"end":{"line":2,"column":41}},{"start":{"line":2,"column":46},"end":{"line":7,"column":1}}]},"1":{"loc":{"start":{"line":3,"column":34},"end":{"line":3,"column":125}},"type":"cond-expr","locations":[{"start":{"line":3,"column":42},"end":{"line":3,"column":48}},{"start":{"line":3,"column":51},"end":{"line":3,"column":125}}]},"2":{"loc":{"start":{"line":3,"column":51},"end":{"line":3,"column":125}},"type":"cond-expr","locations":[{"start":{"line":3,"column":67},"end":{"line":3,"column":118}},{"start":{"line":3,"column":121},"end":{"line":3,"column":125}}]},"3":{"loc":{"start":{"line":4,"column":4},"end":{"line":5,"column":150}},"type":"if","locations":[{"start":{"line":4,"column":4},"end":{"line":5,"column":150}},{"start":{"line":5,"column":9},"end":{"line":5,"column":150}}]},"4":{"loc":{"start":{"line":4,"column":8},"end":{"line":4,"column":77}},"type":"binary-expr","locations":[{"start":{"line":4,"column":8},"end":{"line":4,"column":35}},{"start":{"line":4,"column":39},"end":{"line":4,"column":77}}]},"5":{"loc":{"start":{"line":5,"column":58},"end":{"line":5,"column":150}},"type":"if","locations":[{"start":{"line":5,"column":58},"end":{"line":5,"column":150}}]},"6":{"loc":{"start":{"line":5,"column":85},"end":{"line":5,"column":149}},"type":"binary-expr","locations":[{"start":{"line":5,"column":86},"end":{"line":5,"column":143}},{"start":{"line":5,"column":148},"end":{"line":5,"column":149}}]},"7":{"loc":{"start":{"line":5,"column":86},"end":{"line":5,"column":143}},"type":"cond-expr","locations":[{"start":{"line":5,"column":94},"end":{"line":5,"column":98}},{"start":{"line":5,"column":101},"end":{"line":5,"column":143}}]},"8":{"loc":{"start":{"line":5,"column":101},"end":{"line":5,"column":143}},"type":"cond-expr","locations":[{"start":{"line":5,"column":109},"end":{"line":5,"column":126}},{"start":{"line":5,"column":129},"end":{"line":5,"column":143}}]},"9":{"loc":{"start":{"line":6,"column":11},"end":{"line":6,"column":62}},"type":"binary-expr","locations":[{"start":{"line":6,"column":11},"end":{"line":6,"column":16}},{"start":{"line":6,"column":20},"end":{"line":6,"column":21}},{"start":{"line":6,"column":25},"end":{"line":6,"column":62}}]},"10":{"loc":{"start":{"line":8,"column":17},"end":{"line":10,"column":1}},"type":"binary-expr","locations":[{"start":{"line":8,"column":18},"end":{"line":8,"column":22}},{"start":{"line":8,"column":26},"end":{"line":8,"column":41}},{"start":{"line":8,"column":46},"end":{"line":10,"column":1}}]},"11":{"loc":{"start":{"line":9,"column":4},"end":{"line":9,"column":109}},"type":"if","locations":[{"start":{"line":9,"column":4},"end":{"line":9,"column":109}}]},"12":{"loc":{"start":{"line":9,"column":8},"end":{"line":9,"column":77}},"type":"binary-expr","locations":[{"start":{"line":9,"column":8},"end":{"line":9,"column":35}},{"start":{"line":9,"column":39},"end":{"line":9,"column":77}}]}},"s":{"0":0,"1":0,"2":0,"3":0,"4":0,"5":0,"6":0,"7":0,"8":0,"9":0,"10":0,"11":0,"12":0,"13":0,"14":0,"15":0,"16":0,"17":0,"18":0,"19":0,"20":0},"f":{"0":0,"1":0,"2":0,"3":0},"b":{"0":[0,0,0],"1":[0,0],"2":[0,0],"3":[0,0],"4":[0,0],"5":[0],"6":[0,0],"7":[0,0],"8":[0,0],"9":[0,0,0],"10":[0,0,0],"11":[0],"12":[0,0]}}
,"/home/luiz/TP01_TestesSoftware/dist/src/core/use-cases/get-client.d.ts": {"path":"/home/luiz/TP01_TestesSoftware/dist/src/core/use-cases/get-client.d.ts","statementMap":{},"fnMap":{},"branchMap":{},"s":{},"f":{},"b":{}}
,"/home/luiz/TP01_TestesSoftware/dist/src/core/use-cases/get-client.js": {"path":"/home/luiz/TP01_TestesSoftware/dist/src/core/use-cases/get-client.js","statementMap":{"0":{"start":{"line":2,"column":17},"end":{"line":7,"column":1}},"1":{"start":{"line":3,"column":12},"end":{"line":3,"column":28}},"2":{"start":{"line":3,"column":34},"end":{"line":3,"column":125}},"3":{"start":{"line":4,"column":4},"end":{"line":5,"column":150}},"4":{"start":{"line":4,"column":79},"end":{"line":4,"column":131}},"5":{"start":{"line":5,"column":9},"end":{"line":5,"column":150}},"6":{"start":{"line":5,"column":22},"end":{"line":5,"column":43}},"7":{"start":{"line":5,"column":58},"end":{"line":5,"column":150}},"8":{"start":{"line":5,"column":81},"end":{"line":5,"column":150}},"9":{"start":{"line":6,"column":4},"end":{"line":6,"column":66}},"10":{"start":{"line":8,"column":17},"end":{"line":10,"column":1}},"11":{"start":{"line":9,"column":4},"end":{"line":9,"column":109}},"12":{"start":{"line":9,"column":79},"end":{"line":9,"column":109}},"13":{"start":{"line":11,"column":0},"end":{"line":11,"column":62}},"14":{"start":{"line":12,"column":0},"end":{"line":12,"column":27}},"15":{"start":{"line":13,"column":17},"end":{"line":13,"column":42}},"16":{"start":{"line":14,"column":28},"end":{"line":14,"column":72}},"17":{"start":{"line":15,"column":16},"end":{"line":23,"column":2}},"18":{"start":{"line":17,"column":8},"end":{"line":17,"column":49}},"19":{"start":{"line":20,"column":23},"end":{"line":20,"column":63}},"20":{"start":{"line":21,"column":8},"end":{"line":21,"column":22}},"21":{"start":{"line":24,"column":0},"end":{"line":27,"column":14}}},"fnMap":{"0":{"name":"(anonymous_0)","decl":{"start":{"line":2,"column":46},"end":{"line":2,"column":56}},"loc":{"start":{"line":2,"column":85},"end":{"line":7,"column":1}}},"1":{"name":"(anonymous_1)","decl":{"start":{"line":8,"column":46},"end":{"line":8,"column":56}},"loc":{"start":{"line":8,"column":60},"end":{"line":10,"column":1}}},"2":{"name":"(anonymous_2)","decl":{"start":{"line":16,"column":4},"end":{"line":16,"column":16}},"loc":{"start":{"line":16,"column":32},"end":{"line":18,"column":5}}},"3":{"name":"(anonymous_3)","decl":{"start":{"line":19,"column":4},"end":{"line":19,"column":9}},"loc":{"start":{"line":19,"column":20},"end":{"line":22,"column":5}}}},"branchMap":{"0":{"loc":{"start":{"line":2,"column":17},"end":{"line":7,"column":1}},"type":"binary-expr","locations":[{"start":{"line":2,"column":18},"end":{"line":2,"column":22}},{"start":{"line":2,"column":26},"end":{"line":2,"column":41}},{"start":{"line":2,"column":46},"end":{"line":7,"column":1}}]},"1":{"loc":{"start":{"line":3,"column":34},"end":{"line":3,"column":125}},"type":"cond-expr","locations":[{"start":{"line":3,"column":42},"end":{"line":3,"column":48}},{"start":{"line":3,"column":51},"end":{"line":3,"column":125}}]},"2":{"loc":{"start":{"line":3,"column":51},"end":{"line":3,"column":125}},"type":"cond-expr","locations":[{"start":{"line":3,"column":67},"end":{"line":3,"column":118}},{"start":{"line":3,"column":121},"end":{"line":3,"column":125}}]},"3":{"loc":{"start":{"line":4,"column":4},"end":{"line":5,"column":150}},"type":"if","locations":[{"start":{"line":4,"column":4},"end":{"line":5,"column":150}},{"start":{"line":5,"column":9},"end":{"line":5,"column":150}}]},"4":{"loc":{"start":{"line":4,"column":8},"end":{"line":4,"column":77}},"type":"binary-expr","locations":[{"start":{"line":4,"column":8},"end":{"line":4,"column":35}},{"start":{"line":4,"column":39},"end":{"line":4,"column":77}}]},"5":{"loc":{"start":{"line":5,"column":58},"end":{"line":5,"column":150}},"type":"if","locations":[{"start":{"line":5,"column":58},"end":{"line":5,"column":150}}]},"6":{"loc":{"start":{"line":5,"column":85},"end":{"line":5,"column":149}},"type":"binary-expr","locations":[{"start":{"line":5,"column":86},"end":{"line":5,"column":143}},{"start":{"line":5,"column":148},"end":{"line":5,"column":149}}]},"7":{"loc":{"start":{"line":5,"column":86},"end":{"line":5,"column":143}},"type":"cond-expr","locations":[{"start":{"line":5,"column":94},"end":{"line":5,"column":98}},{"start":{"line":5,"column":101},"end":{"line":5,"column":143}}]},"8":{"loc":{"start":{"line":5,"column":101},"end":{"line":5,"column":143}},"type":"cond-expr","locations":[{"start":{"line":5,"column":109},"end":{"line":5,"column":126}},{"start":{"line":5,"column":129},"end":{"line":5,"column":143}}]},"9":{"loc":{"start":{"line":6,"column":11},"end":{"line":6,"column":62}},"type":"binary-expr","locations":[{"start":{"line":6,"column":11},"end":{"line":6,"column":16}},{"start":{"line":6,"column":20},"end":{"line":6,"column":21}},{"start":{"line":6,"column":25},"end":{"line":6,"column":62}}]},"10":{"loc":{"start":{"line":8,"column":17},"end":{"line":10,"column":1}},"type":"binary-expr","locations":[{"start":{"line":8,"column":18},"end":{"line":8,"column":22}},{"start":{"line":8,"column":26},"end":{"line":8,"column":41}},{"start":{"line":8,"column":46},"end":{"line":10,"column":1}}]},"11":{"loc":{"start":{"line":9,"column":4},"end":{"line":9,"column":109}},"type":"if","locations":[{"start":{"line":9,"column":4},"end":{"line":9,"column":109}}]},"12":{"loc":{"start":{"line":9,"column":8},"end":{"line":9,"column":77}},"type":"binary-expr","locations":[{"start":{"line":9,"column":8},"end":{"line":9,"column":35}},{"start":{"line":9,"column":39},"end":{"line":9,"column":77}}]}},"s":{"0":0,"1":0,"2":0,"3":0,"4":0,"5":0,"6":0,"7":0,"8":0,"9":0,"10":0,"11":0,"12":0,"13":0,"14":0,"15":0,"16":0,"17":0,"18":0,"19":0,"20":0,"21":0},"f":{"0":0,"1":0,"2":0,"3":0},"b":{"0":[0,0,0],"1":[0,0],"2":[0,0],"3":[0,0],"4":[0,0],"5":[0],"6":[0,0],"7":[0,0],"8":[0,0],"9":[0,0,0],"10":[0,0,0],"11":[0],"12":[0,0]}}
,"/home/luiz/TP01_TestesSoftware/dist/src/core/use-cases/get-top-health-risk-clients.d.ts": {"path":"/home/luiz/TP01_TestesSoftware/dist/src/core/use-cases/get-top-health-risk-clients.d.ts","statementMap":{},"fnMap":{},"branchMap":{},"s":{},"f":{},"b":{}}
,"/home/luiz/TP01_TestesSoftware/dist/src/core/use-cases/get-top-health-risk-clients.js": {"path":"/home/luiz/TP01_TestesSoftware/dist/src/core/use-cases/get-top-health-risk-clients.js","statementMap":{"0":{"start":{"line":2,"column":17},"end":{"line":7,"column":1}},"1":{"start":{"line":3,"column":12},"end":{"line":3,"column":28}},"2":{"start":{"line":3,"column":34},"end":{"line":3,"column":125}},"3":{"start":{"line":4,"column":4},"end":{"line":5,"column":150}},"4":{"start":{"line":4,"column":79},"end":{"line":4,"column":131}},"5":{"start":{"line":5,"column":9},"end":{"line":5,"column":150}},"6":{"start":{"line":5,"column":22},"end":{"line":5,"column":43}},"7":{"start":{"line":5,"column":58},"end":{"line":5,"column":150}},"8":{"start":{"line":5,"column":81},"end":{"line":5,"column":150}},"9":{"start":{"line":6,"column":4},"end":{"line":6,"column":66}},"10":{"start":{"line":8,"column":17},"end":{"line":10,"column":1}},"11":{"start":{"line":9,"column":4},"end":{"line":9,"column":109}},"12":{"start":{"line":9,"column":79},"end":{"line":9,"column":109}},"13":{"start":{"line":11,"column":0},"end":{"line":11,"column":62}},"14":{"start":{"line":12,"column":0},"end":{"line":12,"column":41}},"15":{"start":{"line":13,"column":17},"end":{"line":13,"column":42}},"16":{"start":{"line":14,"column":28},"end":{"line":14,"column":72}},"17":{"start":{"line":15,"column":30},"end":{"line":28,"column":2}},"18":{"start":{"line":17,"column":8},"end":{"line":17,"column":49}},"19":{"start":{"line":18,"column":8},"end":{"line":18,"column":34}},"20":{"start":{"line":21,"column":24},"end":{"line":21,"column":61}},"21":{"start":{"line":22,"column":8},"end":{"line":22,"column":60}},"22":{"start":{"line":22,"column":31},"end":{"line":22,"column":58}},"23":{"start":{"line":23,"column":8},"end":{"line":23,"column":54}},"24":{"start":{"line":26,"column":8},"end":{"line":26,"column":47}},"25":{"start":{"line":29,"column":0},"end":{"line":32,"column":28}}},"fnMap":{"0":{"name":"(anonymous_0)","decl":{"start":{"line":2,"column":46},"end":{"line":2,"column":56}},"loc":{"start":{"line":2,"column":85},"end":{"line":7,"column":1}}},"1":{"name":"(anonymous_1)","decl":{"start":{"line":8,"column":46},"end":{"line":8,"column":56}},"loc":{"start":{"line":8,"column":60},"end":{"line":10,"column":1}}},"2":{"name":"(anonymous_2)","decl":{"start":{"line":16,"column":4},"end":{"line":16,"column":16}},"loc":{"start":{"line":16,"column":32},"end":{"line":19,"column":5}}},"3":{"name":"(anonymous_3)","decl":{"start":{"line":20,"column":4},"end":{"line":20,"column":9}},"loc":{"start":{"line":20,"column":17},"end":{"line":24,"column":5}}},"4":{"name":"(anonymous_4)","decl":{"start":{"line":22,"column":21},"end":{"line":22,"column":22}},"loc":{"start":{"line":22,"column":31},"end":{"line":22,"column":58}}},"5":{"name":"(anonymous_5)","decl":{"start":{"line":25,"column":4},"end":{"line":25,"column":22}},"loc":{"start":{"line":25,"column":38},"end":{"line":27,"column":5}}}},"branchMap":{"0":{"loc":{"start":{"line":2,"column":17},"end":{"line":7,"column":1}},"type":"binary-expr","locations":[{"start":{"line":2,"column":18},"end":{"line":2,"column":22}},{"start":{"line":2,"column":26},"end":{"line":2,"column":41}},{"start":{"line":2,"column":46},"end":{"line":7,"column":1}}]},"1":{"loc":{"start":{"line":3,"column":34},"end":{"line":3,"column":125}},"type":"cond-expr","locations":[{"start":{"line":3,"column":42},"end":{"line":3,"column":48}},{"start":{"line":3,"column":51},"end":{"line":3,"column":125}}]},"2":{"loc":{"start":{"line":3,"column":51},"end":{"line":3,"column":125}},"type":"cond-expr","locations":[{"start":{"line":3,"column":67},"end":{"line":3,"column":118}},{"start":{"line":3,"column":121},"end":{"line":3,"column":125}}]},"3":{"loc":{"start":{"line":4,"column":4},"end":{"line":5,"column":150}},"type":"if","locations":[{"start":{"line":4,"column":4},"end":{"line":5,"column":150}},{"start":{"line":5,"column":9},"end":{"line":5,"column":150}}]},"4":{"loc":{"start":{"line":4,"column":8},"end":{"line":4,"column":77}},"type":"binary-expr","locations":[{"start":{"line":4,"column":8},"end":{"line":4,"column":35}},{"start":{"line":4,"column":39},"end":{"line":4,"column":77}}]},"5":{"loc":{"start":{"line":5,"column":58},"end":{"line":5,"column":150}},"type":"if","locations":[{"start":{"line":5,"column":58},"end":{"line":5,"column":150}}]},"6":{"loc":{"start":{"line":5,"column":85},"end":{"line":5,"column":149}},"type":"binary-expr","locations":[{"start":{"line":5,"column":86},"end":{"line":5,"column":143}},{"start":{"line":5,"column":148},"end":{"line":5,"column":149}}]},"7":{"loc":{"start":{"line":5,"column":86},"end":{"line":5,"column":143}},"type":"cond-expr","locations":[{"start":{"line":5,"column":94},"end":{"line":5,"column":98}},{"start":{"line":5,"column":101},"end":{"line":5,"column":143}}]},"8":{"loc":{"start":{"line":5,"column":101},"end":{"line":5,"column":143}},"type":"cond-expr","locations":[{"start":{"line":5,"column":109},"end":{"line":5,"column":126}},{"start":{"line":5,"column":129},"end":{"line":5,"column":143}}]},"9":{"loc":{"start":{"line":6,"column":11},"end":{"line":6,"column":62}},"type":"binary-expr","locations":[{"start":{"line":6,"column":11},"end":{"line":6,"column":16}},{"start":{"line":6,"column":20},"end":{"line":6,"column":21}},{"start":{"line":6,"column":25},"end":{"line":6,"column":62}}]},"10":{"loc":{"start":{"line":8,"column":17},"end":{"line":10,"column":1}},"type":"binary-expr","locations":[{"start":{"line":8,"column":18},"end":{"line":8,"column":22}},{"start":{"line":8,"column":26},"end":{"line":8,"column":41}},{"start":{"line":8,"column":46},"end":{"line":10,"column":1}}]},"11":{"loc":{"start":{"line":9,"column":4},"end":{"line":9,"column":109}},"type":"if","locations":[{"start":{"line":9,"column":4},"end":{"line":9,"column":109}}]},"12":{"loc":{"start":{"line":9,"column":8},"end":{"line":9,"column":77}},"type":"binary-expr","locations":[{"start":{"line":9,"column":8},"end":{"line":9,"column":35}},{"start":{"line":9,"column":39},"end":{"line":9,"column":77}}]}},"s":{"0":0,"1":0,"2":0,"3":0,"4":0,"5":0,"6":0,"7":0,"8":0,"9":0,"10":0,"11":0,"12":0,"13":0,"14":0,"15":0,"16":0,"17":0,"18":0,"19":0,"20":0,"21":0,"22":0,"23":0,"24":0,"25":0},"f":{"0":0,"1":0,"2":0,"3":0,"4":0,"5":0},"b":{"0":[0,0,0],"1":[0,0],"2":[0,0],"3":[0,0],"4":[0,0],"5":[0],"6":[0,0],"7":[0,0],"8":[0,0],"9":[0,0,0],"10":[0,0,0],"11":[0],"12":[0,0]}}
,"/home/luiz/TP01_TestesSoftware/dist/src/core/use-cases/list-clients.d.ts": {"path":"/home/luiz/TP01_TestesSoftware/dist/src/core/use-cases/list-clients.d.ts","statementMap":{},"fnMap":{},"branchMap":{},"s":{},"f":{},"b":{}}
,"/home/luiz/TP01_TestesSoftware/dist/src/core/use-cases/list-clients.js": {"path":"/home/luiz/TP01_TestesSoftware/dist/src/core/use-cases/list-clients.js","statementMap":{"0":{"start":{"line":2,"column":17},"end":{"line":7,"column":1}},"1":{"start":{"line":3,"column":12},"end":{"line":3,"column":28}},"2":{"start":{"line":3,"column":34},"end":{"line":3,"column":125}},"3":{"start":{"line":4,"column":4},"end":{"line":5,"column":150}},"4":{"start":{"line":4,"column":79},"end":{"line":4,"column":131}},"5":{"start":{"line":5,"column":9},"end":{"line":5,"column":150}},"6":{"start":{"line":5,"column":22},"end":{"line":5,"column":43}},"7":{"start":{"line":5,"column":58},"end":{"line":5,"column":150}},"8":{"start":{"line":5,"column":81},"end":{"line":5,"column":150}},"9":{"start":{"line":6,"column":4},"end":{"line":6,"column":66}},"10":{"start":{"line":8,"column":17},"end":{"line":10,"column":1}},"11":{"start":{"line":9,"column":4},"end":{"line":9,"column":109}},"12":{"start":{"line":9,"column":79},"end":{"line":9,"column":109}},"13":{"start":{"line":11,"column":0},"end":{"line":11,"column":62}},"14":{"start":{"line":12,"column":0},"end":{"line":12,"column":29}},"15":{"start":{"line":13,"column":17},"end":{"line":13,"column":42}},"16":{"start":{"line":14,"column":28},"end":{"line":14,"column":72}},"17":{"start":{"line":15,"column":18},"end":{"line":22,"column":2}},"18":{"start":{"line":17,"column":8},"end":{"line":17,"column":49}},"19":{"start":{"line":20,"column":8},"end":{"line":20,"column":53}},"20":{"start":{"line":23,"column":0},"end":{"line":26,"column":16}}},"fnMap":{"0":{"name":"(anonymous_0)","decl":{"start":{"line":2,"column":46},"end":{"line":2,"column":56}},"loc":{"start":{"line":2,"column":85},"end":{"line":7,"column":1}}},"1":{"name":"(anonymous_1)","decl":{"start":{"line":8,"column":46},"end":{"line":8,"column":56}},"loc":{"start":{"line":8,"column":60},"end":{"line":10,"column":1}}},"2":{"name":"(anonymous_2)","decl":{"start":{"line":16,"column":4},"end":{"line":16,"column":16}},"loc":{"start":{"line":16,"column":32},"end":{"line":18,"column":5}}},"3":{"name":"(anonymous_3)","decl":{"start":{"line":19,"column":4},"end":{"line":19,"column":9}},"loc":{"start":{"line":19,"column":17},"end":{"line":21,"column":5}}}},"branchMap":{"0":{"loc":{"start":{"line":2,"column":17},"end":{"line":7,"column":1}},"type":"binary-expr","locations":[{"start":{"line":2,"column":18},"end":{"line":2,"column":22}},{"start":{"line":2,"column":26},"end":{"line":2,"column":41}},{"start":{"line":2,"column":46},"end":{"line":7,"column":1}}]},"1":{"loc":{"start":{"line":3,"column":34},"end":{"line":3,"column":125}},"type":"cond-expr","locations":[{"start":{"line":3,"column":42},"end":{"line":3,"column":48}},{"start":{"line":3,"column":51},"end":{"line":3,"column":125}}]},"2":{"loc":{"start":{"line":3,"column":51},"end":{"line":3,"column":125}},"type":"cond-expr","locations":[{"start":{"line":3,"column":67},"end":{"line":3,"column":118}},{"start":{"line":3,"column":121},"end":{"line":3,"column":125}}]},"3":{"loc":{"start":{"line":4,"column":4},"end":{"line":5,"column":150}},"type":"if","locations":[{"start":{"line":4,"column":4},"end":{"line":5,"column":150}},{"start":{"line":5,"column":9},"end":{"line":5,"column":150}}]},"4":{"loc":{"start":{"line":4,"column":8},"end":{"line":4,"column":77}},"type":"binary-expr","locations":[{"start":{"line":4,"column":8},"end":{"line":4,"column":35}},{"start":{"line":4,"column":39},"end":{"line":4,"column":77}}]},"5":{"loc":{"start":{"line":5,"column":58},"end":{"line":5,"column":150}},"type":"if","locations":[{"start":{"line":5,"column":58},"end":{"line":5,"column":150}}]},"6":{"loc":{"start":{"line":5,"column":85},"end":{"line":5,"column":149}},"type":"binary-expr","locations":[{"start":{"line":5,"column":86},"end":{"line":5,"column":143}},{"start":{"line":5,"column":148},"end":{"line":5,"column":149}}]},"7":{"loc":{"start":{"line":5,"column":86},"end":{"line":5,"column":143}},"type":"cond-expr","locations":[{"start":{"line":5,"column":94},"end":{"line":5,"column":98}},{"start":{"line":5,"column":101},"end":{"line":5,"column":143}}]},"8":{"loc":{"start":{"line":5,"column":101},"end":{"line":5,"column":143}},"type":"cond-expr","locations":[{"start":{"line":5,"column":109},"end":{"line":5,"column":126}},{"start":{"line":5,"column":129},"end":{"line":5,"column":143}}]},"9":{"loc":{"start":{"line":6,"column":11},"end":{"line":6,"column":62}},"type":"binary-expr","locations":[{"start":{"line":6,"column":11},"end":{"line":6,"column":16}},{"start":{"line":6,"column":20},"end":{"line":6,"column":21}},{"start":{"line":6,"column":25},"end":{"line":6,"column":62}}]},"10":{"loc":{"start":{"line":8,"column":17},"end":{"line":10,"column":1}},"type":"binary-expr","locations":[{"start":{"line":8,"column":18},"end":{"line":8,"column":22}},{"start":{"line":8,"column":26},"end":{"line":8,"column":41}},{"start":{"line":8,"column":46},"end":{"line":10,"column":1}}]},"11":{"loc":{"start":{"line":9,"column":4},"end":{"line":9,"column":109}},"type":"if","locations":[{"start":{"line":9,"column":4},"end":{"line":9,"column":109}}]},"12":{"loc":{"start":{"line":9,"column":8},"end":{"line":9,"column":77}},"type":"binary-expr","locations":[{"start":{"line":9,"column":8},"end":{"line":9,"column":35}},{"start":{"line":9,"column":39},"end":{"line":9,"column":77}}]}},"s":{"0":0,"1":0,"2":0,"3":0,"4":0,"5":0,"6":0,"7":0,"8":0,"9":0,"10":0,"11":0,"12":0,"13":0,"14":0,"15":0,"16":0,"17":0,"18":0,"19":0,"20":0},"f":{"0":0,"1":0,"2":0,"3":0},"b":{"0":[0,0,0],"1":[0,0],"2":[0,0],"3":[0,0],"4":[0,0],"5":[0],"6":[0,0],"7":[0,0],"8":[0,0],"9":[0,0,0],"10":[0,0,0],"11":[0],"12":[0,0]}}
,"/home/luiz/TP01_TestesSoftware/dist/src/core/use-cases/update-client.d.ts": {"path":"/home/luiz/TP01_TestesSoftware/dist/src/core/use-cases/update-client.d.ts","statementMap":{},"fnMap":{},"branchMap":{},"s":{},"f":{},"b":{}}
,"/home/luiz/TP01_TestesSoftware/dist/src/core/use-cases/update-client.js": {"path":"/home/luiz/TP01_TestesSoftware/dist/src/core/use-cases/update-client.js","statementMap":{"0":{"start":{"line":2,"column":17},"end":{"line":7,"column":1}},"1":{"start":{"line":3,"column":12},"end":{"line":3,"column":28}},"2":{"start":{"line":3,"column":34},"end":{"line":3,"column":125}},"3":{"start":{"line":4,"column":4},"end":{"line":5,"column":150}},"4":{"start":{"line":4,"column":79},"end":{"line":4,"column":131}},"5":{"start":{"line":5,"column":9},"end":{"line":5,"column":150}},"6":{"start":{"line":5,"column":22},"end":{"line":5,"column":43}},"7":{"start":{"line":5,"column":58},"end":{"line":5,"column":150}},"8":{"start":{"line":5,"column":81},"end":{"line":5,"column":150}},"9":{"start":{"line":6,"column":4},"end":{"line":6,"column":66}},"10":{"start":{"line":8,"column":17},"end":{"line":10,"column":1}},"11":{"start":{"line":9,"column":4},"end":{"line":9,"column":109}},"12":{"start":{"line":9,"column":79},"end":{"line":9,"column":109}},"13":{"start":{"line":11,"column":0},"end":{"line":11,"column":62}},"14":{"start":{"line":12,"column":0},"end":{"line":12,"column":30}},"15":{"start":{"line":13,"column":17},"end":{"line":13,"column":42}},"16":{"start":{"line":14,"column":28},"end":{"line":14,"column":72}},"17":{"start":{"line":15,"column":17},"end":{"line":15,"column":46}},"18":{"start":{"line":16,"column":19},"end":{"line":27,"column":2}},"19":{"start":{"line":18,"column":8},"end":{"line":18,"column":49}},"20":{"start":{"line":21,"column":78},"end":{"line":21,"column":85}},"21":{"start":{"line":22,"column":26},"end":{"line":22,"column":81}},"22":{"start":{"line":23,"column":23},"end":{"line":23,"column":87}},"23":{"start":{"line":24,"column":8},"end":{"line":24,"column":39}},"24":{"start":{"line":25,"column":8},"end":{"line":25,"column":55}},"25":{"start":{"line":28,"column":0},"end":{"line":31,"column":17}}},"fnMap":{"0":{"name":"(anonymous_0)","decl":{"start":{"line":2,"column":46},"end":{"line":2,"column":56}},"loc":{"start":{"line":2,"column":85},"end":{"line":7,"column":1}}},"1":{"name":"(anonymous_1)","decl":{"start":{"line":8,"column":46},"end":{"line":8,"column":56}},"loc":{"start":{"line":8,"column":60},"end":{"line":10,"column":1}}},"2":{"name":"(anonymous_2)","decl":{"start":{"line":17,"column":4},"end":{"line":17,"column":16}},"loc":{"start":{"line":17,"column":32},"end":{"line":19,"column":5}}},"3":{"name":"(anonymous_3)","decl":{"start":{"line":20,"column":4},"end":{"line":20,"column":9}},"loc":{"start":{"line":20,"column":29},"end":{"line":26,"column":5}}}},"branchMap":{"0":{"loc":{"start":{"line":2,"column":17},"end":{"line":7,"column":1}},"type":"binary-expr","locations":[{"start":{"line":2,"column":18},"end":{"line":2,"column":22}},{"start":{"line":2,"column":26},"end":{"line":2,"column":41}},{"start":{"line":2,"column":46},"end":{"line":7,"column":1}}]},"1":{"loc":{"start":{"line":3,"column":34},"end":{"line":3,"column":125}},"type":"cond-expr","locations":[{"start":{"line":3,"column":42},"end":{"line":3,"column":48}},{"start":{"line":3,"column":51},"end":{"line":3,"column":125}}]},"2":{"loc":{"start":{"line":3,"column":51},"end":{"line":3,"column":125}},"type":"cond-expr","locations":[{"start":{"line":3,"column":67},"end":{"line":3,"column":118}},{"start":{"line":3,"column":121},"end":{"line":3,"column":125}}]},"3":{"loc":{"start":{"line":4,"column":4},"end":{"line":5,"column":150}},"type":"if","locations":[{"start":{"line":4,"column":4},"end":{"line":5,"column":150}},{"start":{"line":5,"column":9},"end":{"line":5,"column":150}}]},"4":{"loc":{"start":{"line":4,"column":8},"end":{"line":4,"column":77}},"type":"binary-expr","locations":[{"start":{"line":4,"column":8},"end":{"line":4,"column":35}},{"start":{"line":4,"column":39},"end":{"line":4,"column":77}}]},"5":{"loc":{"start":{"line":5,"column":58},"end":{"line":5,"column":150}},"type":"if","locations":[{"start":{"line":5,"column":58},"end":{"line":5,"column":150}}]},"6":{"loc":{"start":{"line":5,"column":85},"end":{"line":5,"column":149}},"type":"binary-expr","locations":[{"start":{"line":5,"column":86},"end":{"line":5,"column":143}},{"start":{"line":5,"column":148},"end":{"line":5,"column":149}}]},"7":{"loc":{"start":{"line":5,"column":86},"end":{"line":5,"column":143}},"type":"cond-expr","locations":[{"start":{"line":5,"column":94},"end":{"line":5,"column":98}},{"start":{"line":5,"column":101},"end":{"line":5,"column":143}}]},"8":{"loc":{"start":{"line":5,"column":101},"end":{"line":5,"column":143}},"type":"cond-expr","locations":[{"start":{"line":5,"column":109},"end":{"line":5,"column":126}},{"start":{"line":5,"column":129},"end":{"line":5,"column":143}}]},"9":{"loc":{"start":{"line":6,"column":11},"end":{"line":6,"column":62}},"type":"binary-expr","locations":[{"start":{"line":6,"column":11},"end":{"line":6,"column":16}},{"start":{"line":6,"column":20},"end":{"line":6,"column":21}},{"start":{"line":6,"column":25},"end":{"line":6,"column":62}}]},"10":{"loc":{"start":{"line":8,"column":17},"end":{"line":10,"column":1}},"type":"binary-expr","locations":[{"start":{"line":8,"column":18},"end":{"line":8,"column":22}},{"start":{"line":8,"column":26},"end":{"line":8,"column":41}},{"start":{"line":8,"column":46},"end":{"line":10,"column":1}}]},"11":{"loc":{"start":{"line":9,"column":4},"end":{"line":9,"column":109}},"type":"if","locations":[{"start":{"line":9,"column":4},"end":{"line":9,"column":109}}]},"12":{"loc":{"start":{"line":9,"column":8},"end":{"line":9,"column":77}},"type":"binary-expr","locations":[{"start":{"line":9,"column":8},"end":{"line":9,"column":35}},{"start":{"line":9,"column":39},"end":{"line":9,"column":77}}]},"13":{"loc":{"start":{"line":22,"column":26},"end":{"line":22,"column":81}},"type":"cond-expr","locations":[{"start":{"line":22,"column":44},"end":{"line":22,"column":69}},{"start":{"line":22,"column":72},"end":{"line":22,"column":81}}]}},"s":{"0":0,"1":0,"2":0,"3":0,"4":0,"5":0,"6":0,"7":0,"8":0,"9":0,"10":0,"11":0,"12":0,"13":0,"14":0,"15":0,"16":0,"17":0,"18":0,"19":0,"20":0,"21":0,"22":0,"23":0,"24":0,"25":0},"f":{"0":0,"1":0,"2":0,"3":0},"b":{"0":[0,0,0],"1":[0,0],"2":[0,0],"3":[0,0],"4":[0,0],"5":[0],"6":[0,0],"7":[0,0],"8":[0,0],"9":[0,0,0],"10":[0,0,0],"11":[0],"12":[0,0],"13":[0,0]}}
,"/home/luiz/TP01_TestesSoftware/dist/src/helpers/replace.d.ts": {"path":"/home/luiz/TP01_TestesSoftware/dist/src/helpers/replace.d.ts","statementMap":{},"fnMap":{},"branchMap":{},"s":{},"f":{},"b":{}}
,"/home/luiz/TP01_TestesSoftware/dist/src/helpers/replace.js": {"path":"/home/luiz/TP01_TestesSoftware/dist/src/helpers/replace.js","statementMap":{"0":{"start":{"line":2,"column":0},"end":{"line":2,"column":62}}},"fnMap":{},"branchMap":{},"s":{"0":0},"f":{},"b":{}}
,"/home/luiz/TP01_TestesSoftware/dist/src/infra/database/database.module.d.ts": {"path":"/home/luiz/TP01_TestesSoftware/dist/src/infra/database/database.module.d.ts","statementMap":{},"fnMap":{},"branchMap":{},"s":{},"f":{},"b":{}}
,"/home/luiz/TP01_TestesSoftware/dist/src/infra/database/database.module.js": {"path":"/home/luiz/TP01_TestesSoftware/dist/src/infra/database/database.module.js","statementMap":{"0":{"start":{"line":2,"column":17},"end":{"line":7,"column":1}},"1":{"start":{"line":3,"column":12},"end":{"line":3,"column":28}},"2":{"start":{"line":3,"column":34},"end":{"line":3,"column":125}},"3":{"start":{"line":4,"column":4},"end":{"line":5,"column":150}},"4":{"start":{"line":4,"column":79},"end":{"line":4,"column":131}},"5":{"start":{"line":5,"column":9},"end":{"line":5,"column":150}},"6":{"start":{"line":5,"column":22},"end":{"line":5,"column":43}},"7":{"start":{"line":5,"column":58},"end":{"line":5,"column":150}},"8":{"start":{"line":5,"column":81},"end":{"line":5,"column":150}},"9":{"start":{"line":6,"column":4},"end":{"line":6,"column":66}},"10":{"start":{"line":8,"column":0},"end":{"line":8,"column":62}},"11":{"start":{"line":9,"column":0},"end":{"line":9,"column":32}},"12":{"start":{"line":10,"column":17},"end":{"line":10,"column":42}},"13":{"start":{"line":11,"column":25},"end":{"line":11,"column":68}},"14":{"start":{"line":12,"column":28},"end":{"line":12,"column":80}},"15":{"start":{"line":13,"column":35},"end":{"line":13,"column":92}},"16":{"start":{"line":14,"column":21},"end":{"line":15,"column":2}},"17":{"start":{"line":16,"column":0},"end":{"line":27,"column":19}}},"fnMap":{"0":{"name":"(anonymous_0)","decl":{"start":{"line":2,"column":46},"end":{"line":2,"column":56}},"loc":{"start":{"line":2,"column":85},"end":{"line":7,"column":1}}}},"branchMap":{"0":{"loc":{"start":{"line":2,"column":17},"end":{"line":7,"column":1}},"type":"binary-expr","locations":[{"start":{"line":2,"column":18},"end":{"line":2,"column":22}},{"start":{"line":2,"column":26},"end":{"line":2,"column":41}},{"start":{"line":2,"column":46},"end":{"line":7,"column":1}}]},"1":{"loc":{"start":{"line":3,"column":34},"end":{"line":3,"column":125}},"type":"cond-expr","locations":[{"start":{"line":3,"column":42},"end":{"line":3,"column":48}},{"start":{"line":3,"column":51},"end":{"line":3,"column":125}}]},"2":{"loc":{"start":{"line":3,"column":51},"end":{"line":3,"column":125}},"type":"cond-expr","locations":[{"start":{"line":3,"column":67},"end":{"line":3,"column":118}},{"start":{"line":3,"column":121},"end":{"line":3,"column":125}}]},"3":{"loc":{"start":{"line":4,"column":4},"end":{"line":5,"column":150}},"type":"if","locations":[{"start":{"line":4,"column":4},"end":{"line":5,"column":150}},{"start":{"line":5,"column":9},"end":{"line":5,"column":150}}]},"4":{"loc":{"start":{"line":4,"column":8},"end":{"line":4,"column":77}},"type":"binary-expr","locations":[{"start":{"line":4,"column":8},"end":{"line":4,"column":35}},{"start":{"line":4,"column":39},"end":{"line":4,"column":77}}]},"5":{"loc":{"start":{"line":5,"column":58},"end":{"line":5,"column":150}},"type":"if","locations":[{"start":{"line":5,"column":58},"end":{"line":5,"column":150}}]},"6":{"loc":{"start":{"line":5,"column":85},"end":{"line":5,"column":149}},"type":"binary-expr","locations":[{"start":{"line":5,"column":86},"end":{"line":5,"column":143}},{"start":{"line":5,"column":148},"end":{"line":5,"column":149}}]},"7":{"loc":{"start":{"line":5,"column":86},"end":{"line":5,"column":143}},"type":"cond-expr","locations":[{"start":{"line":5,"column":94},"end":{"line":5,"column":98}},{"start":{"line":5,"column":101},"end":{"line":5,"column":143}}]},"8":{"loc":{"start":{"line":5,"column":101},"end":{"line":5,"column":143}},"type":"cond-expr","locations":[{"start":{"line":5,"column":109},"end":{"line":5,"column":126}},{"start":{"line":5,"column":129},"end":{"line":5,"column":143}}]},"9":{"loc":{"start":{"line":6,"column":11},"end":{"line":6,"column":62}},"type":"binary-expr","locations":[{"start":{"line":6,"column":11},"end":{"line":6,"column":16}},{"start":{"line":6,"column":20},"end":{"line":6,"column":21}},{"start":{"line":6,"column":25},"end":{"line":6,"column":62}}]}},"s":{"0":0,"1":0,"2":0,"3":0,"4":0,"5":0,"6":0,"7":0,"8":0,"9":0,"10":0,"11":0,"12":0,"13":0,"14":0,"15":0,"16":0,"17":0},"f":{"0":0},"b":{"0":[0,0,0],"1":[0,0],"2":[0,0],"3":[0,0],"4":[0,0],"5":[0],"6":[0,0],"7":[0,0],"8":[0,0],"9":[0,0,0]}}
,"/home/luiz/TP01_TestesSoftware/dist/src/infra/database/prisma/mappers/prisma-client-mapper.d.ts": {"path":"/home/luiz/TP01_TestesSoftware/dist/src/infra/database/prisma/mappers/prisma-client-mapper.d.ts","statementMap":{},"fnMap":{},"branchMap":{},"s":{},"f":{},"b":{}}
,"/home/luiz/TP01_TestesSoftware/dist/src/infra/database/prisma/mappers/prisma-client-mapper.js": {"path":"/home/luiz/TP01_TestesSoftware/dist/src/infra/database/prisma/mappers/prisma-client-mapper.js","statementMap":{"0":{"start":{"line":2,"column":0},"end":{"line":2,"column":62}},"1":{"start":{"line":3,"column":0},"end":{"line":3,"column":36}},"2":{"start":{"line":4,"column":17},"end":{"line":4,"column":60}},"3":{"start":{"line":7,"column":8},"end":{"line":15,"column":11}},"4":{"start":{"line":18,"column":8},"end":{"line":25,"column":10}},"5":{"start":{"line":28,"column":0},"end":{"line":28,"column":48}}},"fnMap":{"0":{"name":"(anonymous_0)","decl":{"start":{"line":6,"column":4},"end":{"line":6,"column":10}},"loc":{"start":{"line":6,"column":29},"end":{"line":16,"column":5}}},"1":{"name":"(anonymous_1)","decl":{"start":{"line":17,"column":4},"end":{"line":17,"column":10}},"loc":{"start":{"line":17,"column":26},"end":{"line":26,"column":5}}}},"branchMap":{},"s":{"0":0,"1":0,"2":0,"3":0,"4":0,"5":0},"f":{"0":0,"1":0},"b":{}}
,"/home/luiz/TP01_TestesSoftware/dist/src/infra/database/prisma/repositories/prisma-client-repository.d.ts": {"path":"/home/luiz/TP01_TestesSoftware/dist/src/infra/database/prisma/repositories/prisma-client-repository.d.ts","statementMap":{},"fnMap":{},"branchMap":{},"s":{},"f":{},"b":{}}
,"/home/luiz/TP01_TestesSoftware/dist/src/infra/database/prisma/repositories/prisma-client-repository.js": {"path":"/home/luiz/TP01_TestesSoftware/dist/src/infra/database/prisma/repositories/prisma-client-repository.js","statementMap":{"0":{"start":{"line":2,"column":17},"end":{"line":7,"column":1}},"1":{"start":{"line":3,"column":12},"end":{"line":3,"column":28}},"2":{"start":{"line":3,"column":34},"end":{"line":3,"column":125}},"3":{"start":{"line":4,"column":4},"end":{"line":5,"column":150}},"4":{"start":{"line":4,"column":79},"end":{"line":4,"column":131}},"5":{"start":{"line":5,"column":9},"end":{"line":5,"column":150}},"6":{"start":{"line":5,"column":22},"end":{"line":5,"column":43}},"7":{"start":{"line":5,"column":58},"end":{"line":5,"column":150}},"8":{"start":{"line":5,"column":81},"end":{"line":5,"column":150}},"9":{"start":{"line":6,"column":4},"end":{"line":6,"column":66}},"10":{"start":{"line":8,"column":17},"end":{"line":10,"column":1}},"11":{"start":{"line":9,"column":4},"end":{"line":9,"column":109}},"12":{"start":{"line":9,"column":79},"end":{"line":9,"column":109}},"13":{"start":{"line":11,"column":0},"end":{"line":11,"column":62}},"14":{"start":{"line":12,"column":0},"end":{"line":12,"column":40}},"15":{"start":{"line":13,"column":17},"end":{"line":13,"column":42}},"16":{"start":{"line":14,"column":25},"end":{"line":14,"column":62}},"17":{"start":{"line":15,"column":31},"end":{"line":15,"column":73}},"18":{"start":{"line":16,"column":27},"end":{"line":16,"column":74}},"19":{"start":{"line":17,"column":18},"end":{"line":17,"column":59}},"20":{"start":{"line":18,"column":24},"end":{"line":18,"column":48}},"21":{"start":{"line":19,"column":29},"end":{"line":73,"column":2}},"22":{"start":{"line":21,"column":8},"end":{"line":21,"column":43}},"23":{"start":{"line":22,"column":8},"end":{"line":22,"column":43}},"24":{"start":{"line":25,"column":24},"end":{"line":25,"column":66}},"25":{"start":{"line":26,"column":8},"end":{"line":26,"column":79}},"26":{"start":{"line":29,"column":8},"end":{"line":30,"column":67}},"27":{"start":{"line":30,"column":12},"end":{"line":30,"column":67}},"28":{"start":{"line":31,"column":23},"end":{"line":33,"column":10}},"29":{"start":{"line":34,"column":8},"end":{"line":36,"column":null}},"30":{"start":{"line":35,"column":12},"end":{"line":35,"column":67}},"31":{"start":{"line":37,"column":8},"end":{"line":37,"column":74}},"32":{"start":{"line":40,"column":26},"end":{"line":40,"column":84}},"33":{"start":{"line":41,"column":8},"end":{"line":41,"column":68}},"34":{"start":{"line":44,"column":8},"end":{"line":45,"column":67}},"35":{"start":{"line":45,"column":12},"end":{"line":45,"column":67}},"36":{"start":{"line":46,"column":33},"end":{"line":46,"column":98}},"37":{"start":{"line":47,"column":8},"end":{"line":58,"column":null}},"38":{"start":{"line":48,"column":12},"end":{"line":51,"column":15}},"39":{"start":{"line":54,"column":12},"end":{"line":57,"column":28}},"40":{"start":{"line":55,"column":16},"end":{"line":55,"column":71}},"41":{"start":{"line":57,"column":16},"end":{"line":57,"column":28}},"42":{"start":{"line":61,"column":8},"end":{"line":62,"column":67}},"43":{"start":{"line":62,"column":12},"end":{"line":62,"column":67}},"44":{"start":{"line":63,"column":8},"end":{"line":71,"column":null}},"45":{"start":{"line":64,"column":12},"end":{"line":64,"column":74}},"46":{"start":{"line":67,"column":12},"end":{"line":70,"column":28}},"47":{"start":{"line":68,"column":16},"end":{"line":68,"column":71}},"48":{"start":{"line":70,"column":16},"end":{"line":70,"column":28}},"49":{"start":{"line":74,"column":0},"end":{"line":77,"column":27}}},"fnMap":{"0":{"name":"(anonymous_0)","decl":{"start":{"line":2,"column":46},"end":{"line":2,"column":56}},"loc":{"start":{"line":2,"column":85},"end":{"line":7,"column":1}}},"1":{"name":"(anonymous_1)","decl":{"start":{"line":8,"column":46},"end":{"line":8,"column":56}},"loc":{"start":{"line":8,"column":60},"end":{"line":10,"column":1}}},"2":{"name":"(anonymous_2)","decl":{"start":{"line":20,"column":4},"end":{"line":20,"column":16}},"loc":{"start":{"line":20,"column":29},"end":{"line":23,"column":5}}},"3":{"name":"(anonymous_3)","decl":{"start":{"line":24,"column":4},"end":{"line":24,"column":9}},"loc":{"start":{"line":24,"column":17},"end":{"line":27,"column":5}}},"4":{"name":"(anonymous_4)","decl":{"start":{"line":28,"column":4},"end":{"line":28,"column":9}},"loc":{"start":{"line":28,"column":21},"end":{"line":38,"column":5}}},"5":{"name":"(anonymous_5)","decl":{"start":{"line":39,"column":4},"end":{"line":39,"column":9}},"loc":{"start":{"line":39,"column":21},"end":{"line":42,"column":5}}},"6":{"name":"(anonymous_6)","decl":{"start":{"line":43,"column":4},"end":{"line":43,"column":9}},"loc":{"start":{"line":43,"column":34},"end":{"line":59,"column":5}}},"7":{"name":"(anonymous_7)","decl":{"start":{"line":60,"column":4},"end":{"line":60,"column":9}},"loc":{"start":{"line":60,"column":19},"end":{"line":72,"column":5}}}},"branchMap":{"0":{"loc":{"start":{"line":2,"column":17},"end":{"line":7,"column":1}},"type":"binary-expr","locations":[{"start":{"line":2,"column":18},"end":{"line":2,"column":22}},{"start":{"line":2,"column":26},"end":{"line":2,"column":41}},{"start":{"line":2,"column":46},"end":{"line":7,"column":1}}]},"1":{"loc":{"start":{"line":3,"column":34},"end":{"line":3,"column":125}},"type":"cond-expr","locations":[{"start":{"line":3,"column":42},"end":{"line":3,"column":48}},{"start":{"line":3,"column":51},"end":{"line":3,"column":125}}]},"2":{"loc":{"start":{"line":3,"column":51},"end":{"line":3,"column":125}},"type":"cond-expr","locations":[{"start":{"line":3,"column":67},"end":{"line":3,"column":118}},{"start":{"line":3,"column":121},"end":{"line":3,"column":125}}]},"3":{"loc":{"start":{"line":4,"column":4},"end":{"line":5,"column":150}},"type":"if","locations":[{"start":{"line":4,"column":4},"end":{"line":5,"column":150}},{"start":{"line":5,"column":9},"end":{"line":5,"column":150}}]},"4":{"loc":{"start":{"line":4,"column":8},"end":{"line":4,"column":77}},"type":"binary-expr","locations":[{"start":{"line":4,"column":8},"end":{"line":4,"column":35}},{"start":{"line":4,"column":39},"end":{"line":4,"column":77}}]},"5":{"loc":{"start":{"line":5,"column":58},"end":{"line":5,"column":150}},"type":"if","locations":[{"start":{"line":5,"column":58},"end":{"line":5,"column":150}}]},"6":{"loc":{"start":{"line":5,"column":85},"end":{"line":5,"column":149}},"type":"binary-expr","locations":[{"start":{"line":5,"column":86},"end":{"line":5,"column":143}},{"start":{"line":5,"column":148},"end":{"line":5,"column":149}}]},"7":{"loc":{"start":{"line":5,"column":86},"end":{"line":5,"column":143}},"type":"cond-expr","locations":[{"start":{"line":5,"column":94},"end":{"line":5,"column":98}},{"start":{"line":5,"column":101},"end":{"line":5,"column":143}}]},"8":{"loc":{"start":{"line":5,"column":101},"end":{"line":5,"column":143}},"type":"cond-expr","locations":[{"start":{"line":5,"column":109},"end":{"line":5,"column":126}},{"start":{"line":5,"column":129},"end":{"line":5,"column":143}}]},"9":{"loc":{"start":{"line":6,"column":11},"end":{"line":6,"column":62}},"type":"binary-expr","locations":[{"start":{"line":6,"column":11},"end":{"line":6,"column":16}},{"start":{"line":6,"column":20},"end":{"line":6,"column":21}},{"start":{"line":6,"column":25},"end":{"line":6,"column":62}}]},"10":{"loc":{"start":{"line":8,"column":17},"end":{"line":10,"column":1}},"type":"binary-expr","locations":[{"start":{"line":8,"column":18},"end":{"line":8,"column":22}},{"start":{"line":8,"column":26},"end":{"line":8,"column":41}},{"start":{"line":8,"column":46},"end":{"line":10,"column":1}}]},"11":{"loc":{"start":{"line":9,"column":4},"end":{"line":9,"column":109}},"type":"if","locations":[{"start":{"line":9,"column":4},"end":{"line":9,"column":109}}]},"12":{"loc":{"start":{"line":9,"column":8},"end":{"line":9,"column":77}},"type":"binary-expr","locations":[{"start":{"line":9,"column":8},"end":{"line":9,"column":35}},{"start":{"line":9,"column":39},"end":{"line":9,"column":77}}]},"13":{"loc":{"start":{"line":29,"column":8},"end":{"line":30,"column":67}},"type":"if","locations":[{"start":{"line":29,"column":8},"end":{"line":30,"column":67}}]},"14":{"loc":{"start":{"line":34,"column":8},"end":{"line":36,"column":null}},"type":"if","locations":[{"start":{"line":34,"column":8},"end":{"line":36,"column":null}}]},"15":{"loc":{"start":{"line":44,"column":8},"end":{"line":45,"column":67}},"type":"if","locations":[{"start":{"line":44,"column":8},"end":{"line":45,"column":67}}]},"16":{"loc":{"start":{"line":54,"column":12},"end":{"line":57,"column":28}},"type":"if","locations":[{"start":{"line":54,"column":12},"end":{"line":57,"column":28}},{"start":{"line":57,"column":16},"end":{"line":57,"column":28}}]},"17":{"loc":{"start":{"line":61,"column":8},"end":{"line":62,"column":67}},"type":"if","locations":[{"start":{"line":61,"column":8},"end":{"line":62,"column":67}}]},"18":{"loc":{"start":{"line":67,"column":12},"end":{"line":70,"column":28}},"type":"if","locations":[{"start":{"line":67,"column":12},"end":{"line":70,"column":28}},{"start":{"line":70,"column":16},"end":{"line":70,"column":28}}]}},"s":{"0":0,"1":0,"2":0,"3":0,"4":0,"5":0,"6":0,"7":0,"8":0,"9":0,"10":0,"11":0,"12":0,"13":0,"14":0,"15":0,"16":0,"17":0,"18":0,"19":0,"20":0,"21":0,"22":0,"23":0,"24":0,"25":0,"26":0,"27":0,"28":0,"29":0,"30":0,"31":0,"32":0,"33":0,"34":0,"35":0,"36":0,"37":0,"38":0,"39":0,"40":0,"41":0,"42":0,"43":0,"44":0,"45":0,"46":0,"47":0,"48":0,"49":0},"f":{"0":0,"1":0,"2":0,"3":0,"4":0,"5":0,"6":0,"7":0},"b":{"0":[0,0,0],"1":[0,0],"2":[0,0],"3":[0,0],"4":[0,0],"5":[0],"6":[0,0],"7":[0,0],"8":[0,0],"9":[0,0,0],"10":[0,0,0],"11":[0],"12":[0,0],"13":[0],"14":[0],"15":[0],"16":[0,0],"17":[0],"18":[0,0]}}
,"/home/luiz/TP01_TestesSoftware/dist/src/infra/database/prisma/services/prisma-service.d.ts": {"path":"/home/luiz/TP01_TestesSoftware/dist/src/infra/database/prisma/services/prisma-service.d.ts","statementMap":{},"fnMap":{},"branchMap":{},"s":{},"f":{},"b":{}}
,"/home/luiz/TP01_TestesSoftware/dist/src/infra/database/prisma/services/prisma-service.js": {"path":"/home/luiz/TP01_TestesSoftware/dist/src/infra/database/prisma/services/prisma-service.js","statementMap":{"0":{"start":{"line":2,"column":17},"end":{"line":7,"column":1}},"1":{"start":{"line":3,"column":12},"end":{"line":3,"column":28}},"2":{"start":{"line":3,"column":34},"end":{"line":3,"column":125}},"3":{"start":{"line":4,"column":4},"end":{"line":5,"column":150}},"4":{"start":{"line":4,"column":79},"end":{"line":4,"column":131}},"5":{"start":{"line":5,"column":9},"end":{"line":5,"column":150}},"6":{"start":{"line":5,"column":22},"end":{"line":5,"column":43}},"7":{"start":{"line":5,"column":58},"end":{"line":5,"column":150}},"8":{"start":{"line":5,"column":81},"end":{"line":5,"column":150}},"9":{"start":{"line":6,"column":4},"end":{"line":6,"column":66}},"10":{"start":{"line":8,"column":0},"end":{"line":8,"column":62}},"11":{"start":{"line":9,"column":0},"end":{"line":9,"column":31}},"12":{"start":{"line":10,"column":17},"end":{"line":10,"column":42}},"13":{"start":{"line":11,"column":17},"end":{"line":11,"column":42}},"14":{"start":{"line":12,"column":20},"end":{"line":16,"column":2}},"15":{"start":{"line":14,"column":8},"end":{"line":14,"column":30}},"16":{"start":{"line":17,"column":0},"end":{"line":19,"column":18}}},"fnMap":{"0":{"name":"(anonymous_0)","decl":{"start":{"line":2,"column":46},"end":{"line":2,"column":56}},"loc":{"start":{"line":2,"column":85},"end":{"line":7,"column":1}}},"1":{"name":"(anonymous_1)","decl":{"start":{"line":13,"column":4},"end":{"line":13,"column":9}},"loc":{"start":{"line":13,"column":22},"end":{"line":15,"column":5}}}},"branchMap":{"0":{"loc":{"start":{"line":2,"column":17},"end":{"line":7,"column":1}},"type":"binary-expr","locations":[{"start":{"line":2,"column":18},"end":{"line":2,"column":22}},{"start":{"line":2,"column":26},"end":{"line":2,"column":41}},{"start":{"line":2,"column":46},"end":{"line":7,"column":1}}]},"1":{"loc":{"start":{"line":3,"column":34},"end":{"line":3,"column":125}},"type":"cond-expr","locations":[{"start":{"line":3,"column":42},"end":{"line":3,"column":48}},{"start":{"line":3,"column":51},"end":{"line":3,"column":125}}]},"2":{"loc":{"start":{"line":3,"column":51},"end":{"line":3,"column":125}},"type":"cond-expr","locations":[{"start":{"line":3,"column":67},"end":{"line":3,"column":118}},{"start":{"line":3,"column":121},"end":{"line":3,"column":125}}]},"3":{"loc":{"start":{"line":4,"column":4},"end":{"line":5,"column":150}},"type":"if","locations":[{"start":{"line":4,"column":4},"end":{"line":5,"column":150}},{"start":{"line":5,"column":9},"end":{"line":5,"column":150}}]},"4":{"loc":{"start":{"line":4,"column":8},"end":{"line":4,"column":77}},"type":"binary-expr","locations":[{"start":{"line":4,"column":8},"end":{"line":4,"column":35}},{"start":{"line":4,"column":39},"end":{"line":4,"column":77}}]},"5":{"loc":{"start":{"line":5,"column":58},"end":{"line":5,"column":150}},"type":"if","locations":[{"start":{"line":5,"column":58},"end":{"line":5,"column":150}}]},"6":{"loc":{"start":{"line":5,"column":85},"end":{"line":5,"column":149}},"type":"binary-expr","locations":[{"start":{"line":5,"column":86},"end":{"line":5,"column":143}},{"start":{"line":5,"column":148},"end":{"line":5,"column":149}}]},"7":{"loc":{"start":{"line":5,"column":86},"end":{"line":5,"column":143}},"type":"cond-expr","locations":[{"start":{"line":5,"column":94},"end":{"line":5,"column":98}},{"start":{"line":5,"column":101},"end":{"line":5,"column":143}}]},"8":{"loc":{"start":{"line":5,"column":101},"end":{"line":5,"column":143}},"type":"cond-expr","locations":[{"start":{"line":5,"column":109},"end":{"line":5,"column":126}},{"start":{"line":5,"column":129},"end":{"line":5,"column":143}}]},"9":{"loc":{"start":{"line":6,"column":11},"end":{"line":6,"column":62}},"type":"binary-expr","locations":[{"start":{"line":6,"column":11},"end":{"line":6,"column":16}},{"start":{"line":6,"column":20},"end":{"line":6,"column":21}},{"start":{"line":6,"column":25},"end":{"line":6,"column":62}}]}},"s":{"0":0,"1":0,"2":0,"3":0,"4":0,"5":0,"6":0,"7":0,"8":0,"9":0,"10":0,"11":0,"12":0,"13":0,"14":0,"15":0,"16":0},"f":{"0":0,"1":0},"b":{"0":[0,0,0],"1":[0,0],"2":[0,0],"3":[0,0],"4":[0,0],"5":[0],"6":[0,0],"7":[0,0],"8":[0,0],"9":[0,0,0]}}
,"/home/luiz/TP01_TestesSoftware/dist/src/infra/exceptions/client-not-found.d.ts": {"path":"/home/luiz/TP01_TestesSoftware/dist/src/infra/exceptions/client-not-found.d.ts","statementMap":{},"fnMap":{},"branchMap":{},"s":{},"f":{},"b":{}}
,"/home/luiz/TP01_TestesSoftware/dist/src/infra/exceptions/client-not-found.js": {"path":"/home/luiz/TP01_TestesSoftware/dist/src/infra/exceptions/client-not-found.js","statementMap":{"0":{"start":{"line":2,"column":0},"end":{"line":2,"column":62}},"1":{"start":{"line":3,"column":0},"end":{"line":3,"column":41}},"2":{"start":{"line":6,"column":8},"end":{"line":6,"column":34}},"3":{"start":{"line":9,"column":0},"end":{"line":9,"column":58}}},"fnMap":{"0":{"name":"(anonymous_0)","decl":{"start":{"line":5,"column":4},"end":{"line":5,"column":null}},"loc":{"start":{"line":5,"column":4},"end":{"line":7,"column":5}}}},"branchMap":{},"s":{"0":0,"1":0,"2":0,"3":0},"f":{"0":0},"b":{}}
,"/home/luiz/TP01_TestesSoftware/dist/src/infra/http/http.module.d.ts": {"path":"/home/luiz/TP01_TestesSoftware/dist/src/infra/http/http.module.d.ts","statementMap":{},"fnMap":{},"branchMap":{},"s":{},"f":{},"b":{}}
,"/home/luiz/TP01_TestesSoftware/dist/src/infra/http/http.module.js": {"path":"/home/luiz/TP01_TestesSoftware/dist/src/infra/http/http.module.js","statementMap":{"0":{"start":{"line":2,"column":17},"end":{"line":7,"column":1}},"1":{"start":{"line":3,"column":12},"end":{"line":3,"column":28}},"2":{"start":{"line":3,"column":34},"end":{"line":3,"column":125}},"3":{"start":{"line":4,"column":4},"end":{"line":5,"column":150}},"4":{"start":{"line":4,"column":79},"end":{"line":4,"column":131}},"5":{"start":{"line":5,"column":9},"end":{"line":5,"column":150}},"6":{"start":{"line":5,"column":22},"end":{"line":5,"column":43}},"7":{"start":{"line":5,"column":58},"end":{"line":5,"column":150}},"8":{"start":{"line":5,"column":81},"end":{"line":5,"column":150}},"9":{"start":{"line":6,"column":4},"end":{"line":6,"column":66}},"10":{"start":{"line":8,"column":0},"end":{"line":8,"column":62}},"11":{"start":{"line":9,"column":0},"end":{"line":9,"column":28}},"12":{"start":{"line":10,"column":17},"end":{"line":10,"column":42}},"13":{"start":{"line":11,"column":28},"end":{"line":11,"column":70}},"14":{"start":{"line":12,"column":23},"end":{"line":12,"column":67}},"15":{"start":{"line":13,"column":21},"end":{"line":13,"column":63}},"16":{"start":{"line":14,"column":24},"end":{"line":14,"column":69}},"17":{"start":{"line":15,"column":38},"end":{"line":15,"column":97}},"18":{"start":{"line":16,"column":24},"end":{"line":16,"column":69}},"19":{"start":{"line":17,"column":26},"end":{"line":17,"column":64}},"20":{"start":{"line":18,"column":24},"end":{"line":18,"column":69}},"21":{"start":{"line":19,"column":17},"end":{"line":20,"column":2}},"22":{"start":{"line":21,"column":0},"end":{"line":34,"column":15}}},"fnMap":{"0":{"name":"(anonymous_0)","decl":{"start":{"line":2,"column":46},"end":{"line":2,"column":56}},"loc":{"start":{"line":2,"column":85},"end":{"line":7,"column":1}}}},"branchMap":{"0":{"loc":{"start":{"line":2,"column":17},"end":{"line":7,"column":1}},"type":"binary-expr","locations":[{"start":{"line":2,"column":18},"end":{"line":2,"column":22}},{"start":{"line":2,"column":26},"end":{"line":2,"column":41}},{"start":{"line":2,"column":46},"end":{"line":7,"column":1}}]},"1":{"loc":{"start":{"line":3,"column":34},"end":{"line":3,"column":125}},"type":"cond-expr","locations":[{"start":{"line":3,"column":42},"end":{"line":3,"column":48}},{"start":{"line":3,"column":51},"end":{"line":3,"column":125}}]},"2":{"loc":{"start":{"line":3,"column":51},"end":{"line":3,"column":125}},"type":"cond-expr","locations":[{"start":{"line":3,"column":67},"end":{"line":3,"column":118}},{"start":{"line":3,"column":121},"end":{"line":3,"column":125}}]},"3":{"loc":{"start":{"line":4,"column":4},"end":{"line":5,"column":150}},"type":"if","locations":[{"start":{"line":4,"column":4},"end":{"line":5,"column":150}},{"start":{"line":5,"column":9},"end":{"line":5,"column":150}}]},"4":{"loc":{"start":{"line":4,"column":8},"end":{"line":4,"column":77}},"type":"binary-expr","locations":[{"start":{"line":4,"column":8},"end":{"line":4,"column":35}},{"start":{"line":4,"column":39},"end":{"line":4,"column":77}}]},"5":{"loc":{"start":{"line":5,"column":58},"end":{"line":5,"column":150}},"type":"if","locations":[{"start":{"line":5,"column":58},"end":{"line":5,"column":150}}]},"6":{"loc":{"start":{"line":5,"column":85},"end":{"line":5,"column":149}},"type":"binary-expr","locations":[{"start":{"line":5,"column":86},"end":{"line":5,"column":143}},{"start":{"line":5,"column":148},"end":{"line":5,"column":149}}]},"7":{"loc":{"start":{"line":5,"column":86},"end":{"line":5,"column":143}},"type":"cond-expr","locations":[{"start":{"line":5,"column":94},"end":{"line":5,"column":98}},{"start":{"line":5,"column":101},"end":{"line":5,"column":143}}]},"8":{"loc":{"start":{"line":5,"column":101},"end":{"line":5,"column":143}},"type":"cond-expr","locations":[{"start":{"line":5,"column":109},"end":{"line":5,"column":126}},{"start":{"line":5,"column":129},"end":{"line":5,"column":143}}]},"9":{"loc":{"start":{"line":6,"column":11},"end":{"line":6,"column":62}},"type":"binary-expr","locations":[{"start":{"line":6,"column":11},"end":{"line":6,"column":16}},{"start":{"line":6,"column":20},"end":{"line":6,"column":21}},{"start":{"line":6,"column":25},"end":{"line":6,"column":62}}]}},"s":{"0":0,"1":0,"2":0,"3":0,"4":0,"5":0,"6":0,"7":0,"8":0,"9":0,"10":0,"11":0,"12":0,"13":0,"14":0,"15":0,"16":0,"17":0,"18":0,"19":0,"20":0,"21":0,"22":0},"f":{"0":0},"b":{"0":[0,0,0],"1":[0,0],"2":[0,0],"3":[0,0],"4":[0,0],"5":[0],"6":[0,0],"7":[0,0],"8":[0,0],"9":[0,0,0]}}
,"/home/luiz/TP01_TestesSoftware/dist/src/infra/http/controllers/client-controller.d.ts": {"path":"/home/luiz/TP01_TestesSoftware/dist/src/infra/http/controllers/client-controller.d.ts","statementMap":{},"fnMap":{},"branchMap":{},"s":{},"f":{},"b":{}}
[...]
end":{"line":14,"column":3}}},"1":{"name":"(anonymous_3)","decl":{"start":{"line":16,"column":2},"end":{"line":16,"column":7}},"loc":{"start":{"line":16,"column":15},"end":{"line":19,"column":3}}},"2":{"name":"(anonymous_4)","decl":{"start":{"line":21,"column":2},"end":{"line":21,"column":7}},"loc":{"start":{"line":21,"column":27},"end":{"line":33,"column":3}}},"3":{"name":"(anonymous_5)","decl":{"start":{"line":35,"column":2},"end":{"line":35,"column":7}},"loc":{"start":{"line":35,"column":27},"end":{"line":39,"column":3}}},"4":{"name":"(anonymous_6)","decl":{"start":{"line":41,"column":2},"end":{"line":41,"column":7}},"loc":{"start":{"line":41,"column":48},"end":{"line":56,"column":3}}},"5":{"name":"(anonymous_7)","decl":{"start":{"line":58,"column":2},"end":{"line":58,"column":7}},"loc":{"start":{"line":58,"column":25},"end":{"line":68,"column":3}}}},"branchMap":{"0":{"loc":{"start":{"line":22,"column":4},"end":{"line":22,"column":67}},"type":"if","locations":[{"start":{"line":22,"column":4},"end":{"line":22,"column":67}}]},"1":{"loc":{"start":{"line":28,"column":4},"end":{"line":30,"column":null}},"type":"if","locations":[{"start":{"line":28,"column":4},"end":{"line":30,"column":null}}]},"2":{"loc":{"start":{"line":42,"column":4},"end":{"line":42,"column":67}},"type":"if","locations":[{"start":{"line":42,"column":4},"end":{"line":42,"column":67}}]},"3":{"loc":{"start":{"line":52,"column":6},"end":{"line":54,"column":23}},"type":"if","locations":[{"start":{"line":52,"column":6},"end":{"line":54,"column":23}},{"start":{"line":54,"column":11},"end":{"line":54,"column":23}}]},"4":{"loc":{"start":{"line":59,"column":4},"end":{"line":59,"column":67}},"type":"if","locations":[{"start":{"line":59,"column":4},"end":{"line":59,"column":67}}]},"5":{"loc":{"start":{"line":64,"column":6},"end":{"line":66,"column":23}},"type":"if","locations":[{"start":{"line":64,"column":6},"end":{"line":66,"column":23}},{"start":{"line":66,"column":11},"end":{"line":66,"column":23}}]}},"s":{"0":0,"1":0,"2":0,"3":0,"4":0,"5":0,"6":0,"7":0,"8":0,"9":0,"10":0,"11":0,"12":0,"13":0,"14":0,"15":0,"16":0,"17":0,"18":0,"19":0,"20":0,"21":0,"22":0,"23":0,"24":0,"25":0,"26":0,"27":0,"28":0,"29":0,"30":0,"31":0,"32":0,"33":0,"34":0},"f":{"0":0,"1":0,"2":0,"3":0,"4":0,"5":0},"b":{"0":[0],"1":[0],"2":[0],"3":[0,0],"4":[0],"5":[0,0]}}
,"/home/luiz/TP01_TestesSoftware/src/infra/database/prisma/services/prisma-service.ts": {"path":"/home/luiz/TP01_TestesSoftware/src/infra/database/prisma/services/prisma-service.ts","statementMap":{"0":{"start":{"line":1,"column":0},"end":{"line":1,"column":58}},"1":{"start":{"line":2,"column":0},"end":{"line":2,"column":46}},"2":{"start":{"line":5,"column":26},"end":{"line":9,"column":null}},"3":{"start":{"line":7,"column":4},"end":{"line":7,"column":26}},"4":{"start":{"line":5,"column":13},"end":{"line":9,"column":null}}},"fnMap":{"0":{"name":"(anonymous_1)","decl":{"start":{"line":6,"column":2},"end":{"line":6,"column":7}},"loc":{"start":{"line":6,"column":20},"end":{"line":8,"column":3}}}},"branchMap":{},"s":{"0":0,"1":0,"2":0,"3":0,"4":0},"f":{"0":0},"b":{}}
,"/home/luiz/TP01_TestesSoftware/src/infra/exceptions/client-not-found.ts": {"path":"/home/luiz/TP01_TestesSoftware/src/infra/exceptions/client-not-found.ts","statementMap":{"0":{"start":{"line":3,"column":4},"end":{"line":3,"column":30}},"1":{"start":{"line":1,"column":0},"end":{"line":1,"column":13}}},"fnMap":{"0":{"name":"(anonymous_0)","decl":{"start":{"line":2,"column":2},"end":{"line":2,"column":null}},"loc":{"start":{"line":2,"column":2},"end":{"line":4,"column":3}}}},"branchMap":{},"s":{"0":11,"1":6},"f":{"0":11},"b":{}}
,"/home/luiz/TP01_TestesSoftware/src/infra/exceptions/invalid-gender.ts": {"path":"/home/luiz/TP01_TestesSoftware/src/infra/exceptions/invalid-gender.ts","statementMap":{"0":{"start":{"line":3,"column":6},"end":{"line":3,"column":43}},"1":{"start":{"line":1,"column":0},"end":{"line":1,"column":13}}},"fnMap":{"0":{"name":"(anonymous_0)","decl":{"start":{"line":2,"column":4},"end":{"line":2,"column":null}},"loc":{"start":{"line":2,"column":4},"end":{"line":4,"column":5}}}},"branchMap":{},"s":{"0":2,"1":7},"f":{"0":2},"b":{}}
,"/home/luiz/TP01_TestesSoftware/src/infra/http/http.module.ts": {"path":"/home/luiz/TP01_TestesSoftware/src/infra/http/http.module.ts","statementMap":{"0":{"start":{"line":1,"column":0},"end":{"line":1,"column":40}},"1":{"start":{"line":2,"column":0},"end":{"line":2,"column":67}},"2":{"start":{"line":3,"column":0},"end":{"line":3,"column":59}},"3":{"start":{"line":4,"column":0},"end":{"line":4,"column":55}},"4":{"start":{"line":5,"column":0},"end":{"line":5,"column":61}},"5":{"start":{"line":6,"column":0},"end":{"line":6,"column":86}},"6":{"start":{"line":7,"column":0},"end":{"line":7,"column":61}},"7":{"start":{"line":8,"column":0},"end":{"line":8,"column":65}},"8":{"start":{"line":9,"column":0},"end":{"line":9,"column":61}},"9":{"start":{"line":23,"column":23},"end":{"line":23,"column":null}},"10":{"start":{"line":23,"column":13},"end":{"line":23,"column":null}}},"fnMap":{},"branchMap":{},"s":{"0":0,"1":0,"2":0,"3":0,"4":0,"5":0,"6":0,"7":0,"8":0,"9":0,"10":0},"f":{},"b":{}}
,"/home/luiz/TP01_TestesSoftware/src/infra/http/controllers/client-controller.ts": {"path":"/home/luiz/TP01_TestesSoftware/src/infra/http/controllers/client-controller.ts","statementMap":{"0":{"start":{"line":1,"column":0},"end":{"line":1,"column":null}},"1":{"start":{"line":11,"column":0},"end":{"line":11,"column":55}},"2":{"start":{"line":12,"column":0},"end":{"line":12,"column":59}},"3":{"start":{"line":13,"column":0},"end":{"line":13,"column":83}},"4":{"start":{"line":14,"column":0},"end":{"line":14,"column":61}},"5":{"start":{"line":15,"column":0},"end":{"line":15,"column":61}},"6":{"start":{"line":16,"column":0},"end":{"line":16,"column":61}},"7":{"start":{"line":17,"column":0},"end":{"line":17,"column":61}},"8":{"start":{"line":18,"column":0},"end":{"line":18,"column":86}},"9":{"start":{"line":19,"column":0},"end":{"line":19,"column":61}},"10":{"start":{"line":20,"column":0},"end":{"line":20,"column":42}},"11":{"start":{"line":24,"column":29},"end":{"line":81,"column":null}},"12":{"start":{"line":26,"column":21},"end":{"line":26,"column":34}},"13":{"start":{"line":27,"column":21},"end":{"line":27,"column":32}},"14":{"start":{"line":28,"column":21},"end":{"line":28,"column":35}},"15":{"start":{"line":29,"column":21},"end":{"line":29,"column":35}},"16":{"start":{"line":30,"column":21},"end":{"line":30,"column":46}},"17":{"start":{"line":31,"column":21},"end":{"line":31,"column":35}},"18":{"start":{"line":36,"column":4},"end":{"line":36,"column":44}},"19":{"start":{"line":41,"column":4},"end":{"line":41,"column":56}},"20":{"start":{"line":47,"column":19},"end":{"line":47,"column":51}},"21":{"start":{"line":49,"column":4},"end":{"line":49,"column":18}},"22":{"start":{"line":54,"column":56},"end":{"line":54,"column":60}},"23":{"start":{"line":56,"column":4},"end":{"line":61,"column":7}},"24":{"start":{"line":67,"column":56},"end":{"line":67,"column":60}},"25":{"start":{"line":68,"column":4},"end":{"line":73,"column":7}},"26":{"start":{"line":79,"column":4},"end":{"line":79,"column":40}},"27":{"start":{"line":35,"column":8},"end":{"line":37,"column":null}},"28":{"start":{"line":40,"column":8},"end":{"line":42,"column":null}},"29":{"start":{"line":46,"column":8},"end":{"line":50,"column":null}},"30":{"start":{"line":53,"column":8},"end":{"line":62,"column":null}},"31":{"start":{"line":66,"column":8},"end":{"line":74,"column":null}},"32":{"start":{"line":78,"column":8},"end":{"line":80,"column":null}},"33":{"start":{"line":24,"column":13},"end":{"line":81,"column":null}}},"fnMap":{"0":{"name":"(anonymous_4)","decl":{"start":{"line":25,"column":2},"end":{"line":25,"column":null}},"loc":{"start":{"line":31,"column":47},"end":{"line":32,"column":6}}},"1":{"name":"(anonymous_5)","decl":{"start":{"line":35,"column":2},"end":{"line":35,"column":7}},"loc":{"start":{"line":35,"column":21},"end":{"line":37,"column":3}}},"2":{"name":"(anonymous_6)","decl":{"start":{"line":40,"column":2},"end":{"line":40,"column":7}},"loc":{"start":{"line":40,"column":25},"end":{"line":42,"column":3}}},"3":{"name":"(anonymous_7)","decl":{"start":{"line":46,"column":2},"end":{"line":46,"column":7}},"loc":{"start":{"line":46,"column":45},"end":{"line":50,"column":3}}},"4":{"name":"(anonymous_8)","decl":{"start":{"line":53,"column":2},"end":{"line":53,"column":7}},"loc":{"start":{"line":53,"column":45},"end":{"line":62,"column":3}}},"5":{"name":"(anonymous_9)","decl":{"start":{"line":66,"column":2},"end":{"line":66,"column":7}},"loc":{"start":{"line":66,"column":70},"end":{"line":74,"column":3}}},"6":{"name":"(anonymous_10)","decl":{"start":{"line":78,"column":2},"end":{"line":78,"column":7}},"loc":{"start":{"line":78,"column":38},"end":{"line":80,"column":3}}}},"branchMap":{},"s":{"0":0,"1":0,"2":0,"3":0,"4":0,"5":0,"6":0,"7":0,"8":0,"9":0,"10":0,"11":0,"12":0,"13":0,"14":0,"15":0,"16":0,"17":0,"18":0,"19":0,"20":0,"21":0,"22":0,"23":0,"24":0,"25":0,"26":0,"27":0,"28":0,"29":0,"30":0,"31":0,"32":0,"33":0},"f":{"0":0,"1":0,"2":0,"3":0,"4":0,"5":0,"6":0},"b":{}}
,"/home/luiz/TP01_TestesSoftware/src/infra/http/controllers/dtos/create-client-body.ts": {"path":"/home/luiz/TP01_TestesSoftware/src/infra/http/controllers/dtos/create-client-body.ts","statementMap":{"0":{"start":{"line":1,"column":0},"end":{"line":1,"column":null}},"1":{"start":{"line":9,"column":0},"end":{"line":9,"column":79}},"2":{"start":{"line":10,"column":0},"end":{"line":10,"column":46}},"3":{"start":{"line":12,"column":0},"end":{"line":12,"column":13}},"4":{"start":{"line":18,"column":2},"end":{"line":18,"column":null}},"5":{"start":{"line":25,"column":2},"end":{"line":25,"column":null}},"6":{"start":{"line":33,"column":2},"end":{"line":33,"column":null}},"7":{"start":{"line":44,"column":2},"end":{"line":44,"column":null}}},"fnMap":{},"branchMap":{},"s":{"0":0,"1":0,"2":0,"3":0,"4":0,"5":0,"6":0,"7":0},"f":{},"b":{}}
,"/home/luiz/TP01_TestesSoftware/src/infra/http/controllers/dtos/update-client-body.ts": {"path":"/home/luiz/TP01_TestesSoftware/src/infra/http/controllers/dtos/update-client-body.ts","statementMap":{"0":{"start":{"line":1,"column":0},"end":{"line":1,"column":null}},"1":{"start":{"line":10,"column":0},"end":{"line":10,"column":79}},"2":{"start":{"line":11,"column":0},"end":{"line":11,"column":46}},"3":{"start":{"line":13,"column":0},"end":{"line":13,"column":13}},"4":{"start":{"line":21,"column":2},"end":{"line":21,"column":null}},"5":{"start":{"line":30,"column":2},"end":{"line":30,"column":null}},"6":{"start":{"line":40,"column":2},"end":{"line":40,"column":null}},"7":{"start":{"line":50,"column":2},"end":{"line":50,"column":null}}},"fnMap":{},"branchMap":{},"s":{"0":0,"1":0,"2":0,"3":0,"4":0,"5":0,"6":0,"7":0},"f":{},"b":{}}
,"/home/luiz/TP01_TestesSoftware/src/infra/http/controllers/dtos/validators/health-problem-validator.ts": {"path":"/home/luiz/TP01_TestesSoftware/src/infra/http/controllers/dtos/validators/health-problem-validator.ts","statementMap":{"0":{"start":{"line":1,"column":0},"end":{"line":1,"column":null}},"1":{"start":{"line":7,"column":35},"end":{"line":15,"column":null}},"2":{"start":{"line":9,"column":4},"end":{"line":9,"column":70}},"3":{"start":{"line":13,"column":4},"end":{"line":13,"column":77}},"4":{"start":{"line":7,"column":13},"end":{"line":15,"column":null}}},"fnMap":{"0":{"name":"(anonymous_1)","decl":{"start":{"line":8,"column":2},"end":{"line":8,"column":10}},"loc":{"start":{"line":8,"column":22},"end":{"line":10,"column":3}}},"1":{"name":"(anonymous_2)","decl":{"start":{"line":12,"column":2},"end":{"line":12,"column":16}},"loc":{"start":{"line":12,"column":16},"end":{"line":14,"column":3}}}},"branchMap":{"0":{"loc":{"start":{"line":9,"column":11},"end":{"line":9,"column":69}},"type":"binary-expr","locations":[{"start":{"line":9,"column":11},"end":{"line":9,"column":37}},{"start":{"line":9,"column":41},"end":{"line":9,"column":69}}]}},"s":{"0":0,"1":0,"2":0,"3":0,"4":0},"f":{"0":0,"1":0},"b":{"0":[0,0]}}
,"/home/luiz/TP01_TestesSoftware/src/infra/http/filters/client-not-found-filter.ts": {"path":"/home/luiz/TP01_TestesSoftware/src/infra/http/filters/client-not-found-filter.ts","statementMap":{"0":{"start":{"line":1,"column":0},"end":{"line":1,"column":71}},"1":{"start":{"line":3,"column":0},"end":{"line":3,"column":77}},"2":{"start":{"line":6,"column":42},"end":{"line":18,"column":null}},"3":{"start":{"line":8,"column":16},"end":{"line":8,"column":35}},"4":{"start":{"line":9,"column":21},"end":{"line":9,"column":48}},"5":{"start":{"line":10,"column":19},"end":{"line":10,"column":22}},"6":{"start":{"line":12,"column":4},"end":{"line":16,"column":7}},"7":{"start":{"line":6,"column":13},"end":{"line":18,"column":null}}},"fnMap":{"0":{"name":"(anonymous_1)","decl":{"start":{"line":7,"column":2},"end":{"line":7,"column":7}},"loc":{"start":{"line":7,"column":63},"end":{"line":17,"column":3}}}},"branchMap":{},"s":{"0":0,"1":0,"2":0,"3":0,"4":0,"5":0,"6":0,"7":0},"f":{"0":0},"b":{}}
,"/home/luiz/TP01_TestesSoftware/test/factories/client-factory.ts": {"path":"/home/luiz/TP01_TestesSoftware/test/factories/client-factory.ts","statementMap":{"0":{"start":{"line":1,"column":0},"end":{"line":1,"column":65}},"1":{"start":{"line":2,"column":0},"end":{"line":2,"column":37}},"2":{"start":{"line":7,"column":2},"end":{"line":19,"column":5}},"3":{"start":{"line":6,"column":0},"end":{"line":6,"column":16}},"4":{"start":{"line":23,"column":13},"end":{"line":23,"column":37}},"5":{"start":{"line":24,"column":46},"end":{"line":32,"column":4}},"6":{"start":{"line":34,"column":2},"end":{"line":34,"column":59}},"7":{"start":{"line":22,"column":0},"end":{"line":22,"column":16}}},"fnMap":{"0":{"name":"makeClient","decl":{"start":{"line":6,"column":16},"end":{"line":6,"column":26}},"loc":{"start":{"line":6,"column":50},"end":{"line":20,"column":1}}},"1":{"name":"makeClient02","decl":{"start":{"line":22,"column":16},"end":{"line":22,"column":28}},"loc":{"start":{"line":22,"column":52},"end":{"line":35,"column":1}}}},"branchMap":{"0":{"loc":{"start":{"line":6,"column":27},"end":{"line":6,"column":50}},"type":"default-arg","locations":[{"start":{"line":6,"column":48},"end":{"line":6,"column":50}}]},"1":{"loc":{"start":{"line":22,"column":29},"end":{"line":22,"column":52}},"type":"default-arg","locations":[{"start":{"line":22,"column":50},"end":{"line":22,"column":52}}]}},"s":{"0":7,"1":7,"2":81,"3":7,"4":10,"5":10,"6":10,"7":7},"f":{"0":81,"1":10},"b":{"0":[59],"1":[6]}}
,"/home/luiz/TP01_TestesSoftware/test/repositories/in-memory-client-repository.ts": {"path":"/home/luiz/TP01_TestesSoftware/test/repositories/in-memory-client-repository.ts","statementMap":{"0":{"start":{"line":3,"column":0},"end":{"line":3,"column":37}},"1":{"start":{"line":4,"column":0},"end":{"line":4,"column":77}},"2":{"start":{"line":7,"column":9},"end":{"line":7,"column":32}},"3":{"start":{"line":10,"column":4},"end":{"line":10,"column":24}},"4":{"start":{"line":14,"column":4},"end":{"line":14,"column":73}},"5":{"start":{"line":14,"column":37},"end":{"line":14,"column":73}},"6":{"start":{"line":16,"column":19},"end":{"line":16,"column":73}},"7":{"start":{"line":16,"column":47},"end":{"line":16,"column":72}},"8":{"start":{"line":18,"column":4},"end":{"line":18,"column":53}},"9":{"start":{"line":18,"column":17},"end":{"line":18,"column":53}},"10":{"start":{"line":20,"column":4},"end":{"line":20,"column":18}},"11":{"start":{"line":24,"column":19},"end":{"line":24,"column":71}},"12":{"start":{"line":24,"column":47},"end":{"line":24,"column":70}},"13":{"start":{"line":25,"column":4},"end":{"line":25,"column":26}},"14":{"start":{"line":29,"column":4},"end":{"line":29,"column":30}},"15":{"start":{"line":33,"column":24},"end":{"line":33,"column":48}},"16":{"start":{"line":35,"column":4},"end":{"line":35,"column":64}},"17":{"start":{"line":35,"column":28},"end":{"line":35,"column":64}},"18":{"start":{"line":37,"column":19},"end":{"line":37,"column":44}},"19":{"start":{"line":38,"column":4},"end":{"line":38,"column":47}},"20":{"start":{"line":39,"column":4},"end":{"line":39,"column":39}},"21":{"start":{"line":43,"column":24},"end":{"line":43,"column":48}},"22":{"start":{"line":45,"column":4},"end":{"line":45,"column":64}},"23":{"start":{"line":45,"column":28},"end":{"line":45,"column":64}},"24":{"start":{"line":47,"column":4},"end":{"line":47,"column":40}},"25":{"start":{"line":51,"column":4},"end":{"line":51,"column":71}},"26":{"start":{"line":51,"column":44},"end":{"line":51,"column":69}},"27":{"start":{"line":55,"column":4},"end":{"line":55,"column":22}},"28":{"start":{"line":6,"column":0},"end":{"line":6,"column":13}}},"fnMap":{"0":{"name":"(anonymous_0)","decl":{"start":{"line":6,"column":0},"end":{"line":6,"column":13}},"loc":{"start":{"line":6,"column":0},"end":{"line":57,"column":1}}},"1":{"name":"(anonymous_1)","decl":{"start":{"line":9,"column":2},"end":{"line":9,"column":7}},"loc":{"start":{"line":9,"column":15},"end":{"line":11,"column":3}}},"2":{"name":"(anonymous_2)","decl":{"start":{"line":13,"column":2},"end":{"line":13,"column":7}},"loc":{"start":{"line":13,"column":33},"end":{"line":21,"column":3}}},"3":{"name":"(anonymous_3)","decl":{"start":{"line":16,"column":37},"end":{"line":16,"column":38}},"loc":{"start":{"line":16,"column":47},"end":{"line":16,"column":72}}},"4":{"name":"(anonymous_4)","decl":{"start":{"line":23,"column":2},"end":{"line":23,"column":7}},"loc":{"start":{"line":23,"column":31},"end":{"line":26,"column":3}}},"5":{"name":"(anonymous_5)","decl":{"start":{"line":24,"column":37},"end":{"line":24,"column":38}},"loc":{"start":{"line":24,"column":47},"end":{"line":24,"column":70}}},"6":{"name":"(anonymous_6)","decl":{"start":{"line":28,"column":2},"end":{"line":28,"column":7}},"loc":{"start":{"line":28,"column":27},"end":{"line":30,"column":3}}},"7":{"name":"(anonymous_7)","decl":{"start":{"line":32,"column":2},"end":{"line":32,"column":7}},"loc":{"start":{"line":32,"column":48},"end":{"line":40,"column":3}}},"8":{"name":"(anonymous_8)","decl":{"start":{"line":42,"column":2},"end":{"line":42,"column":7}},"loc":{"start":{"line":42,"column":25},"end":{"line":48,"column":3}}},"9":{"name":"(anonymous_9)","decl":{"start":{"line":50,"column":10},"end":{"line":50,"column":25}},"loc":{"start":{"line":50,"column":42},"end":{"line":52,"column":3}}},"10":{"name":"(anonymous_10)","decl":{"start":{"line":51,"column":34},"end":{"line":51,"column":35}},"loc":{"start":{"line":51,"column":44},"end":{"line":51,"column":69}}},"11":{"name":"(anonymous_11)","decl":{"start":{"line":54,"column":2},"end":{"line":54,"column":7}},"loc":{"start":{"line":54,"column":7},"end":{"line":56,"column":3}}}},"branchMap":{"0":{"loc":{"start":{"line":14,"column":4},"end":{"line":14,"column":73}},"type":"if","locations":[{"start":{"line":14,"column":4},"end":{"line":14,"column":73}}]},"1":{"loc":{"start":{"line":18,"column":4},"end":{"line":18,"column":53}},"type":"if","locations":[{"start":{"line":18,"column":4},"end":{"line":18,"column":53}}]},"2":{"loc":{"start":{"line":25,"column":11},"end":{"line":25,"column":25}},"type":"binary-expr","locations":[{"start":{"line":25,"column":11},"end":{"line":25,"column":17}},{"start":{"line":25,"column":21},"end":{"line":25,"column":25}}]},"3":{"loc":{"start":{"line":35,"column":4},"end":{"line":35,"column":64}},"type":"if","locations":[{"start":{"line":35,"column":4},"end":{"line":35,"column":64}}]},"4":{"loc":{"start":{"line":45,"column":4},"end":{"line":45,"column":64}},"type":"if","locations":[{"start":{"line":45,"column":4},"end":{"line":45,"column":64}}]}},"s":{"0":6,"1":6,"2":35,"3":15,"4":21,"5":3,"6":18,"7":25,"8":18,"9":2,"10":16,"11":0,"12":0,"13":0,"14":71,"15":7,"16":7,"17":1,"18":6,"19":6,"20":6,"21":6,"22":6,"23":5,"24":1,"25":13,"26":31,"27":1,"28":6},"f":{"0":35,"1":15,"2":21,"3":25,"4":0,"5":0,"6":71,"7":7,"8":6,"9":13,"10":31,"11":1},"b":{"0":[3],"1":[2],"2":[0,0],"3":[1],"4":[5]}}
}
